#
# A fatal error has been detected by the Java Runtime Environment:
#
#  EXCEPTION_ACCESS_VIOLATION (0xc0000005) at pc=0x0000000004955c37, pid=10884, tid=0x0000000000002d58
#
# JRE version: Java(TM) SE Runtime Environment (8.0_161-b12) (build 1.8.0_161-b12)
# Java VM: Java HotSpot(TM) 64-Bit Server VM (25.161-b12 mixed mode windows-amd64 compressed oops)
# Problematic frame:
# J 11194 C2 org.mapdb.StoreDirect.indexValGet(J)J (46 bytes) @ 0x0000000004955c37 [0x0000000004955a00+0x237]
#
# Failed to write core dump. Minidumps are not enabled by default on client versions of Windows
#
# If you would like to submit a bug report, please visit:
#   http://bugreport.java.com/bugreport/crash.jsp
#

---------------  T H R E A D  ---------------

Current thread (0x0000000045b60000):  JavaThread "pool-1-thread-5" [_thread_in_Java, id=11608, stack(0x000000005bd50000,0x000000005be50000)]

siginfo: ExceptionCode=0xc0000005, reading address 0x00000000592350c0

Registers:
RAX=0xa858a858a85150c0, RBX=0x0000000000000001, RCX=0x00000000587f18f2, RDX=0x0000000000075798
RSP=0x000000005be4d800, RBP=0x0000000000000000, RSI=0x00000000000150c0, RDI=0x00000002c3f92920
R8 =0x00000002c3f8c790, R9 =0x0000000000000000, R10=0x00000000000150c0, R11=0x0000000059220000
R12=0x0000000000000000, R13=0x000000000494cddc, R14=0x00000007c003cc48, R15=0x0000000045b60000
RIP=0x0000000004955c37, EFLAGS=0x0000000000010212

Top of Stack: (sp=0x000000005be4d800)
0x000000005be4d800:   ffffffffffffffff 0000000058b9ea18
0x000000005be4d810:   009100000023a292 00000002c3f91ce0
0x000000005be4d820:   00000002c4b97980 00000002c1f6c068
0x000000005be4d830:   0000000000000000 0000000000000000
0x000000005be4d840:   00000000587f239c 0000000004141f2c
0x000000005be4d850:   00000000000000a6 00000002c4b97980
0x000000005be4d860:   00000002c3f91ce0 000000000494cddc
0x000000005be4d870:   0000000000000000 000000005be4d8d0
0x000000005be4d880:   00000000587f239c 00000002c3fa0680
0x000000005be4d890:   0000000045b60000 00000007c003cc48
0x000000005be4d8a0:   00000002c0479dc8 00000002c3fa0680
0x000000005be4d8b0:   0000000000001a0d 00000002c3f91ce0
0x000000005be4d8c0:   00000002c4b97980 000000000000000d
0x000000005be4d8d0:   0000000000000000 0000000058b6f4f8
0x000000005be4d8e0:   00000000587f239c 0000000003fd7654
0x000000005be4d8f0:   00000002c4b97980 00000002000000a6 

Instructions: (pc=0x0000000004955c37)
0x0000000004955c17:   f6 00 00 00 41 8b 68 1c 41 2b ea 83 fd 08 0f 8c
0x0000000004955c27:   8e 01 00 00 4d 8b 58 10 41 0f b6 68 2a 4d 63 d2
0x0000000004955c37:   4b 8b 04 13 85 ed 0f 85 8e 01 00 00 48 0f c8 48
0x0000000004955c47:   85 c0 0f 84 92 01 00 00 f3 4c 0f b8 d8 41 8b eb 


Register to memory mapping:

RAX=0xa858a858a85150c0 is an unknown value
RBX=0x0000000000000001 is an unknown value
RCX=0x00000000587f18f2 is an unknown value
RDX=0x0000000000075798 is an unknown value
RSP=0x000000005be4d800 is pointing into the stack for thread: 0x0000000045b60000
RBP=0x0000000000000000 is an unknown value
RSI=0x00000000000150c0 is an unknown value
RDI=0x00000002c3f92920 is an oop
org.mapdb.Volume$MappedFileVol 
 - klass: 'org/mapdb/Volume$MappedFileVol'
R8 =0x00000002c3f8c790 is an oop
java.nio.DirectByteBuffer 
 - klass: 'java/nio/DirectByteBuffer'
R9 =0x0000000000000000 is an unknown value
R10=0x00000000000150c0 is an unknown value
R11=0x0000000059220000 is pointing into the stack for thread: 0x0000000045b57800
R12=0x0000000000000000 is an unknown value
R13=0x000000000494cddc is at entry_point+700 in (nmethod*)0x000000000494c910
R14=0x00000007c003cc48 is pointing into metadata
R15=0x0000000045b60000 is a thread


Stack: [0x000000005bd50000,0x000000005be50000],  sp=0x000000005be4d800,  free space=1014k
Native frames: (J=compiled Java code, j=interpreted, Vv=VM code, C=native code)


---------------  P R O C E S S  ---------------

Java Threads: ( => current thread )
  0x000000004de0b000 JavaThread "pool-1-thread-14" [_thread_blocked, id=20008, stack(0x000000005ced0000,0x000000005cfd0000)]
  0x000000004de07000 JavaThread "pool-1-thread-13" [_thread_blocked, id=15192, stack(0x000000005dc50000,0x000000005dd50000)]
  0x000000004de00000 JavaThread "pool-1-thread-12" [_thread_blocked, id=15096, stack(0x000000005db50000,0x000000005dc50000)]
  0x000000004b1ea800 JavaThread "pool-1-thread-11" [_thread_blocked, id=19904, stack(0x000000005da50000,0x000000005db50000)]
  0x000000004b1e8000 JavaThread "pool-1-thread-10" [_thread_blocked, id=6860, stack(0x000000005d950000,0x000000005da50000)]
  0x000000004b1e7800 JavaThread "pool-1-thread-9" [_thread_blocked, id=21280, stack(0x000000005d850000,0x000000005d950000)]
  0x000000004bf13800 JavaThread "pool-1-thread-8" [_thread_blocked, id=20840, stack(0x000000005d050000,0x000000005d150000)]
  0x0000000045b62000 JavaThread "pool-1-thread-7" [_thread_blocked, id=11488, stack(0x000000005bf50000,0x000000005c050000)]
  0x0000000045b5e800 JavaThread "pool-1-thread-6" [_thread_blocked, id=21068, stack(0x000000005be50000,0x000000005bf50000)]
=>0x0000000045b60000 JavaThread "pool-1-thread-5" [_thread_in_Java, id=11608, stack(0x000000005bd50000,0x000000005be50000)]
  0x0000000045b63800 JavaThread "pool-1-thread-4" [_thread_blocked, id=17840, stack(0x0000000051c40000,0x0000000051d40000)]
  0x0000000045b56000 JavaThread "pool-1-thread-3" [_thread_blocked, id=3620, stack(0x0000000051b40000,0x0000000051c40000)]
  0x0000000045b5a000 JavaThread "pool-1-thread-2" [_thread_blocked, id=13608, stack(0x0000000051a40000,0x0000000051b40000)]
  0x0000000045b55800 JavaThread "IvM chain thread" [_thread_blocked, id=19064, stack(0x0000000051640000,0x0000000051740000)]
  0x0000000045b5c000 JavaThread "IvM rendering thread" [_thread_blocked, id=13428, stack(0x0000000051540000,0x0000000051640000)]
  0x0000000045b5a800 JavaThread "SwingWorker-pool-5-thread-1" daemon [_thread_blocked, id=17512, stack(0x0000000058d20000,0x0000000058e20000)]
  0x0000000045b57800 JavaThread "XESLiteDB-0-Worker-Thread-3" daemon [_thread_blocked, id=20596, stack(0x0000000059120000,0x0000000059220000)]
  0x0000000045b57000 JavaThread "XESLiteDB-0-Worker-Thread-2" daemon [_thread_blocked, id=5256, stack(0x0000000059020000,0x0000000059120000)]
  0x0000000045b58800 JavaThread "XESLiteDB-0-Worker-Thread-1" daemon [_thread_blocked, id=17244, stack(0x0000000058f20000,0x0000000059020000)]
  0x0000000045b5b800 JavaThread "XESLiteDB-0-Worker-Thread-0" daemon [_thread_blocked, id=18856, stack(0x0000000058e20000,0x0000000058f20000)]
  0x000000004bf17000 JavaThread "pool-1-thread-1" [_thread_blocked, id=8468, stack(0x0000000058a20000,0x0000000058b20000)]
  0x000000004bf18800 JavaThread "DestroyJavaVM" [_thread_blocked, id=20252, stack(0x0000000002cc0000,0x0000000002dc0000)]
  0x000000004bf1a000 JavaThread "Java2D Queue Flusher" daemon [_thread_blocked, id=16568, stack(0x000000004a030000,0x000000004a130000)]
  0x000000004bf15800 JavaThread "TimerQueue" daemon [_thread_blocked, id=16968, stack(0x0000000049f30000,0x000000004a030000)]
  0x000000004bf15000 JavaThread "AWT-EventQueue-0" [_thread_blocked, id=20896, stack(0x0000000047b70000,0x0000000047c70000)]
  0x000000004bf19800 JavaThread "AWT-Shutdown" [_thread_blocked, id=16732, stack(0x00000000478f0000,0x00000000479f0000)]
  0x00000000472bc800 JavaThread "Java2D Disposer" daemon [_thread_blocked, id=12768, stack(0x0000000047a70000,0x0000000047b70000)]
  0x0000000044035800 JavaThread "Service Thread" daemon [_thread_blocked, id=13676, stack(0x0000000044bd0000,0x0000000044cd0000)]
  0x0000000043fe6800 JavaThread "C1 CompilerThread3" daemon [_thread_in_vm, id=13360, stack(0x0000000044ad0000,0x0000000044bd0000)]
  0x0000000043fe2800 JavaThread "C2 CompilerThread2" daemon [_thread_in_native, id=16564, stack(0x00000000449d0000,0x0000000044ad0000)]
  0x0000000043fdb000 JavaThread "C2 CompilerThread1" daemon [_thread_in_native, id=16900, stack(0x00000000448d0000,0x00000000449d0000)]
  0x0000000043fd6000 JavaThread "C2 CompilerThread0" daemon [_thread_in_native, id=6252, stack(0x00000000447d0000,0x00000000448d0000)]
  0x0000000043fd4000 JavaThread "Attach Listener" daemon [_thread_blocked, id=6888, stack(0x00000000446d0000,0x00000000447d0000)]
  0x00000000420ce800 JavaThread "Signal Dispatcher" daemon [_thread_blocked, id=20012, stack(0x00000000445d0000,0x00000000446d0000)]
  0x0000000043fc0800 JavaThread "Finalizer" daemon [_thread_blocked, id=20340, stack(0x00000000443a0000,0x00000000444a0000)]
  0x00000000420bf000 JavaThread "Reference Handler" daemon [_thread_blocked, id=17124, stack(0x0000000043ea0000,0x0000000043fa0000)]

Other Threads:
  0x00000000420b8800 VMThread [stack: 0x0000000043da0000,0x0000000043ea0000] [id=8832]
  0x0000000044038800 WatcherThread [stack: 0x0000000044cd0000,0x0000000044dd0000] [id=17108]

VM state:not at safepoint (normal execution)

VM Mutex/Monitor currently owned by a thread: None

Heap:
 PSYoungGen      total 1997824K, used 597049K [0x0000000615580000, 0x0000000692880000, 0x00000007c0000000)
  eden space 1976320K, 29% used [0x0000000615580000,0x000000063979f578,0x000000068df80000)
  from space 21504K, 23% used [0x0000000691380000,0x000000069186ef68,0x0000000692880000)
  to   space 37376K, 0% used [0x000000068df80000,0x000000068df80000,0x0000000690400000)
 ParOldGen       total 176128K, used 82537K [0x00000002c0000000, 0x00000002cac00000, 0x0000000615580000)
  object space 176128K, 46% used [0x00000002c0000000,0x00000002c509a720,0x00000002cac00000)
 Metaspace       used 56778K, capacity 57186K, committed 57816K, reserved 1099776K
  class space    used 7982K, capacity 8137K, committed 8192K, reserved 1048576K

Card table byte_map: [0x0000000012280000,0x0000000014a90000] byte_map_base: 0x0000000010c80000

Marking Bits: (ParMarkBitMap*) 0x000000005a41f860
 Begin Bits: [0x0000000016d40000, 0x000000002ad40000)
 End Bits:   [0x000000002ad40000, 0x000000003ed40000)

Polling page: 0x0000000002bc0000

CodeCache: size=245760Kb used=29448Kb max_used=29812Kb free=216311Kb
 bounds [0x0000000002ec0000, 0x0000000004c20000, 0x0000000011ec0000]
 total_blobs=9318 nmethods=8214 adapters=1014
 compilation: enabled

Compilation events (10 events):
Event: 54.844 Thread 0x0000000043fe6800 nmethod 11214 0x000000000494c910 code [0x000000000494cb20, 0x000000000494d5b8]
Event: 54.844 Thread 0x0000000043fe6800 11212       3       org.mapdb.Volume$ByteBufferVol::getDataInput (21 bytes)
Event: 54.844 Thread 0x0000000043fe6800 nmethod 11212 0x000000000494c2d0 code [0x000000000494c440, 0x000000000494c7a8]
Event: 54.844 Thread 0x0000000043fe6800 11215       3       org.mapdb.BTreeMap$NodeSerializer::deserialize (7 bytes)
Event: 54.844 Thread 0x0000000043fe6800 nmethod 11215 0x000000000494eb90 code [0x000000000494ed00, 0x000000000494ef08]
Event: 54.844 Thread 0x0000000043fe6800 11217       3       org.mapdb.CompressLZF::expand (210 bytes)
Event: 54.845 Thread 0x0000000043fe6800 nmethod 11217 0x0000000004af7510 code [0x0000000004af7720, 0x0000000004af8238]
Event: 54.845 Thread 0x0000000043fe6800 11219       3       org.mapdb.Serializer::valueArrayDeserialize (32 bytes)
Event: 54.845 Thread 0x0000000043fe6800 nmethod 11219 0x0000000004af6d10 code [0x0000000004af6ea0, 0x0000000004af7368]
Event: 54.845 Thread 0x0000000043fe6800 11220       3       org.mapdb.Store::deserializeExtra (475 bytes)

GC Heap History (10 events):
Event: 49.014 GC heap before
{Heap before GC invocations=26 (full 2):
 PSYoungGen      total 1554432K, used 1542873K [0x0000000615580000, 0x0000000681980000, 0x00000007c0000000)
  eden space 1520128K, 100% used [0x0000000615580000,0x0000000672200000,0x0000000672200000)
  from space 34304K, 66% used [0x0000000672200000,0x0000000673836448,0x0000000674380000)
  to   space 34304K, 0% used [0x000000067f800000,0x000000067f800000,0x0000000681980000)
 ParOldGen       total 176128K, used 57292K [0x00000002c0000000, 0x00000002cac00000, 0x0000000615580000)
  object space 176128K, 32% used [0x00000002c0000000,0x00000002c37f3098,0x00000002cac00000)
 Metaspace       used 56494K, capacity 56898K, committed 57560K, reserved 1099776K
  class space    used 7970K, capacity 8105K, committed 8192K, reserved 1048576K
Event: 49.022 GC heap after
Heap after GC invocations=26 (full 2):
 PSYoungGen      total 1726976K, used 23031K [0x0000000615580000, 0x0000000681380000, 0x00000007c0000000)
  eden space 1698816K, 0% used [0x0000000615580000,0x0000000615580000,0x000000067d080000)
  from space 28160K, 81% used [0x000000067f800000,0x0000000680e7dd30,0x0000000681380000)
  to   space 34304K, 0% used [0x000000067d080000,0x000000067d080000,0x000000067f200000)
 ParOldGen       total 176128K, used 57300K [0x00000002c0000000, 0x00000002cac00000, 0x0000000615580000)
  object space 176128K, 32% used [0x00000002c0000000,0x00000002c37f5098,0x00000002cac00000)
 Metaspace       used 56494K, capacity 56898K, committed 57560K, reserved 1099776K
  class space    used 7970K, capacity 8105K, committed 8192K, reserved 1048576K
}
Event: 50.234 GC heap before
{Heap before GC invocations=27 (full 2):
 PSYoungGen      total 1726976K, used 1721847K [0x0000000615580000, 0x0000000681380000, 0x00000007c0000000)
  eden space 1698816K, 100% used [0x0000000615580000,0x000000067d080000,0x000000067d080000)
  from space 28160K, 81% used [0x000000067f800000,0x0000000680e7dd30,0x0000000681380000)
  to   space 34304K, 0% used [0x000000067d080000,0x000000067d080000,0x000000067f200000)
 ParOldGen       total 176128K, used 57300K [0x00000002c0000000, 0x00000002cac00000, 0x0000000615580000)
  object space 176128K, 32% used [0x00000002c0000000,0x00000002c37f5098,0x00000002cac00000)
 Metaspace       used 56521K, capacity 56962K, committed 57560K, reserved 1099776K
  class space    used 7970K, capacity 8105K, committed 8192K, reserved 1048576K
Event: 50.243 GC heap after
Heap after GC invocations=27 (full 2):
 PSYoungGen      total 1733120K, used 22185K [0x0000000615580000, 0x000000068a080000, 0x00000007c0000000)
  eden space 1698816K, 0% used [0x0000000615580000,0x0000000615580000,0x000000067d080000)
  from space 34304K, 64% used [0x000000067d080000,0x000000067e62a400,0x000000067f200000)
  to   space 33792K, 0% used [0x0000000687f80000,0x0000000687f80000,0x000000068a080000)
 ParOldGen       total 176128K, used 57300K [0x00000002c0000000, 0x00000002cac00000, 0x0000000615580000)
  object space 176128K, 32% used [0x00000002c0000000,0x00000002c37f5098,0x00000002cac00000)
 Metaspace       used 56521K, capacity 56962K, committed 57560K, reserved 1099776K
  class space    used 7970K, capacity 8105K, committed 8192K, reserved 1048576K
}
Event: 51.479 GC heap before
{Heap before GC invocations=28 (full 2):
 PSYoungGen      total 1733120K, used 1721001K [0x0000000615580000, 0x000000068a080000, 0x00000007c0000000)
  eden space 1698816K, 100% used [0x0000000615580000,0x000000067d080000,0x000000067d080000)
  from space 34304K, 64% used [0x000000067d080000,0x000000067e62a400,0x000000067f200000)
  to   space 33792K, 0% used [0x0000000687f80000,0x0000000687f80000,0x000000068a080000)
 ParOldGen       total 176128K, used 57300K [0x00000002c0000000, 0x00000002cac00000, 0x0000000615580000)
  object space 176128K, 32% used [0x00000002c0000000,0x00000002c37f5098,0x00000002cac00000)
 Metaspace       used 56533K, capacity 56962K, committed 57560K, reserved 1099776K
  class space    used 7970K, capacity 8105K, committed 8192K, reserved 1048576K
Event: 51.490 GC heap after
Heap after GC invocations=28 (full 2):
 PSYoungGen      total 1875456K, used 29885K [0x0000000615580000, 0x000000068a680000, 0x00000007c0000000)
  eden space 1841664K, 0% used [0x0000000615580000,0x0000000615580000,0x0000000685c00000)
  from space 33792K, 88% used [0x0000000687f80000,0x0000000689caf420,0x000000068a080000)
  to   space 36352K, 0% used [0x0000000685c00000,0x0000000685c00000,0x0000000687f80000)
 ParOldGen       total 176128K, used 65050K [0x00000002c0000000, 0x00000002cac00000, 0x0000000615580000)
  object space 176128K, 36% used [0x00000002c0000000,0x00000002c3f86a68,0x00000002cac00000)
 Metaspace       used 56533K, capacity 56962K, committed 57560K, reserved 1099776K
  class space    used 7970K, capacity 8105K, committed 8192K, reserved 1048576K
}
Event: 52.886 GC heap before
{Heap before GC invocations=29 (full 2):
 PSYoungGen      total 1875456K, used 1871549K [0x0000000615580000, 0x000000068a680000, 0x00000007c0000000)
  eden space 1841664K, 100% used [0x0000000615580000,0x0000000685c00000,0x0000000685c00000)
  from space 33792K, 88% used [0x0000000687f80000,0x0000000689caf420,0x000000068a080000)
  to   space 36352K, 0% used [0x0000000685c00000,0x0000000685c00000,0x0000000687f80000)
 ParOldGen       total 176128K, used 65050K [0x00000002c0000000, 0x00000002cac00000, 0x0000000615580000)
  object space 176128K, 36% used [0x00000002c0000000,0x00000002c3f86a68,0x00000002cac00000)
 Metaspace       used 56573K, capacity 56962K, committed 57560K, reserved 1099776K
  class space    used 7970K, capacity 8105K, committed 8192K, reserved 1048576K
Event: 52.894 GC heap after
Heap after GC invocations=29 (full 2):
 PSYoungGen      total 1878016K, used 8840K [0x0000000615580000, 0x0000000693780000, 0x00000007c0000000)
  eden space 1841664K, 0% used [0x0000000615580000,0x0000000615580000,0x0000000685c00000)
  from space 36352K, 24% used [0x0000000685c00000,0x00000006864a21c8,0x0000000687f80000)
  to   space 36864K, 0% used [0x0000000691380000,0x0000000691380000,0x0000000693780000)
 ParOldGen       total 176128K, used 78546K [0x00000002c0000000, 0x00000002cac00000, 0x0000000615580000)
  object space 176128K, 44% used [0x00000002c0000000,0x00000002c4cb4890,0x00000002cac00000)
 Metaspace       used 56573K, capacity 56962K, committed 57560K, reserved 1099776K
  class space    used 7970K, capacity 8105K, committed 8192K, reserved 1048576K
}
Event: 54.347 GC heap before
{Heap before GC invocations=30 (full 2):
 PSYoungGen      total 1878016K, used 1850504K [0x0000000615580000, 0x0000000693780000, 0x00000007c0000000)
  eden space 1841664K, 100% used [0x0000000615580000,0x0000000685c00000,0x0000000685c00000)
  from space 36352K, 24% used [0x0000000685c00000,0x00000006864a21c8,0x0000000687f80000)
  to   space 36864K, 0% used [0x0000000691380000,0x0000000691380000,0x0000000693780000)
 ParOldGen       total 176128K, used 78546K [0x00000002c0000000, 0x00000002cac00000, 0x0000000615580000)
  object space 176128K, 44% used [0x00000002c0000000,0x00000002c4cb4890,0x00000002cac00000)
 Metaspace       used 56617K, capacity 57026K, committed 57560K, reserved 1099776K
  class space    used 7970K, capacity 8105K, committed 8192K, reserved 1048576K
Event: 54.352 GC heap after
Heap after GC invocations=30 (full 2):
 PSYoungGen      total 1997824K, used 5051K [0x0000000615580000, 0x0000000692880000, 0x00000007c0000000)
  eden space 1976320K, 0% used [0x0000000615580000,0x0000000615580000,0x000000068df80000)
  from space 21504K, 23% used [0x0000000691380000,0x000000069186ef68,0x0000000692880000)
  to   space 37376K, 0% used [0x000000068df80000,0x000000068df80000,0x0000000690400000)
 ParOldGen       total 176128K, used 82537K [0x00000002c0000000, 0x00000002cac00000, 0x0000000615580000)
  object space 176128K, 46% used [0x00000002c0000000,0x00000002c509a720,0x00000002cac00000)
 Metaspace       used 56617K, capacity 57026K, committed 57560K, reserved 1099776K
  class space    used 7970K, capacity 8105K, committed 8192K, reserved 1048576K
}

Deoptimization events (10 events):
Event: 54.757 Thread 0x0000000045b60000 Uncommon trap: reason=class_check action=maybe_recompile pc=0x000000000321ac0c method=org.processmining.plugins.inductiveminer2.attributes.AttributeImpl.getLiteral(Lorg/deckfour/xes/model/XAttributable;)Ljava/lang/String; @ 66
Event: 54.767 Thread 0x0000000045b60000 Uncommon trap: reason=class_check action=maybe_recompile pc=0x000000000321ac0c method=org.processmining.plugins.inductiveminer2.attributes.AttributeImpl.getLiteral(Lorg/deckfour/xes/model/XAttributable;)Ljava/lang/String; @ 66
Event: 54.790 Thread 0x0000000045b60000 Uncommon trap: reason=class_check action=maybe_recompile pc=0x000000000321ac0c method=org.processmining.plugins.inductiveminer2.attributes.AttributeImpl.getLiteral(Lorg/deckfour/xes/model/XAttributable;)Ljava/lang/String; @ 66
Event: 54.790 Thread 0x0000000045b60000 Uncommon trap: reason=class_check action=maybe_recompile pc=0x000000000321ac0c method=org.processmining.plugins.inductiveminer2.attributes.AttributeImpl.getLiteral(Lorg/deckfour/xes/model/XAttributable;)Ljava/lang/String; @ 66
Event: 54.809 Thread 0x000000004de06800 Uncommon trap: reason=predicate action=maybe_recompile pc=0x00000000049a21e4 method=org.mapdb.Serializer.valueArraySerialize(Ljava/io/DataOutput;Ljava/lang/Object;)V @ 26
Event: 54.826 Thread 0x000000004de06800 Uncommon trap: reason=unstable_if action=reinterpret pc=0x0000000004217f70 method=org.mapdb.StoreCached.longStackTake(JZ)J @ 78
Event: 54.845 Thread 0x0000000045b60000 Uncommon trap: reason=class_check action=maybe_recompile pc=0x0000000004008480 method=org.processmining.plugins.inductiveminer2.attributes.AttributeUtils.parseDoubleFast(Lorg/deckfour/xes/model/XAttribute;)D @ 8
Event: 54.845 Thread 0x0000000045b60000 Uncommon trap: reason=class_check action=maybe_recompile pc=0x0000000004008480 method=org.processmining.plugins.inductiveminer2.attributes.AttributeUtils.parseDoubleFast(Lorg/deckfour/xes/model/XAttribute;)D @ 8
Event: 54.845 Thread 0x0000000045b60000 Uncommon trap: reason=class_check action=maybe_recompile pc=0x0000000004008480 method=org.processmining.plugins.inductiveminer2.attributes.AttributeUtils.parseDoubleFast(Lorg/deckfour/xes/model/XAttribute;)D @ 8
Event: 54.845 Thread 0x0000000045b60000 Uncommon trap: reason=class_check action=maybe_recompile pc=0x0000000004008480 method=org.processmining.plugins.inductiveminer2.attributes.AttributeUtils.parseDoubleFast(Lorg/deckfour/xes/model/XAttribute;)D @ 8

Classes redefined (0 events):
No events

Internal exceptions (10 events):
Event: 33.433 Thread 0x000000004bf17000 Implicit null exception at 0x0000000003c384d9 to 0x0000000003c3916d
Event: 34.414 Thread 0x000000004bf17000 Implicit null exception at 0x0000000003ec27ba to 0x0000000003ec2e39
Event: 34.873 Thread 0x0000000045b62000 Implicit null exception at 0x0000000003f84fb6 to 0x0000000003f852d1
Event: 35.194 Thread 0x0000000045b56000 Implicit null exception at 0x00000000040027af to 0x00000000040028b5
Event: 36.144 Thread 0x0000000045b56000 Implicit null exception at 0x00000000033fe05c to 0x00000000033fe229
Event: 36.361 Thread 0x000000004bf15000 Implicit null exception at 0x000000000413fa25 to 0x0000000004146ef1
Event: 37.334 Thread 0x0000000045b56000 Implicit null exception at 0x000000000422d638 to 0x000000000422e319
Event: 37.335 Thread 0x0000000045b56000 Implicit null exception at 0x00000000041a9ccc to 0x00000000041aa781
Event: 43.917 Thread 0x000000004bf15000 Implicit null exception at 0x00000000038f6871 to 0x00000000038f6ab1
Event: 51.888 Thread 0x000000004bf13800 Implicit null exception at 0x000000000430251d to 0x0000000004304715

Events (10 events):
Event: 54.845 Thread 0x0000000045b60000 DEOPT PACKING pc=0x0000000004008480 sp=0x000000005be4db80
Event: 54.845 Thread 0x0000000045b60000 DEOPT UNPACKING pc=0x0000000002f0583b sp=0x000000005be4daf0 mode 2
Event: 54.845 Thread 0x0000000045b60000 Uncommon trap: trap_request=0xffffffde fr.pc=0x0000000004008480
Event: 54.845 Thread 0x0000000045b60000 DEOPT PACKING pc=0x0000000004008480 sp=0x000000005be4db80
Event: 54.845 Thread 0x0000000045b60000 DEOPT UNPACKING pc=0x0000000002f0583b sp=0x000000005be4daf0 mode 2
Event: 54.845 Thread 0x0000000045b60000 Uncommon trap: trap_request=0xffffffde fr.pc=0x0000000004008480
Event: 54.845 Thread 0x0000000045b60000 DEOPT PACKING pc=0x0000000004008480 sp=0x000000005be4db80
Event: 54.845 Thread 0x0000000045b60000 DEOPT UNPACKING pc=0x0000000002f0583b sp=0x000000005be4daf0 mode 2
Event: 54.845 Executing VM operation: RevokeBias
Event: 54.845 Executing VM operation: RevokeBias done


Dynamic libraries:
0x00007ff66c0b0000 - 0x00007ff66c0e7000 	C:\Users\jonas\ProM 6.10\jre8\bin\javaw.exe
0x00007ffbc8b70000 - 0x00007ffbc8d65000 	C:\Windows\SYSTEM32\ntdll.dll
0x00007ffbc6c40000 - 0x00007ffbc6cfd000 	C:\Windows\System32\KERNEL32.DLL
0x00007ffbc6300000 - 0x00007ffbc65c8000 	C:\Windows\System32\KERNELBASE.dll
0x00007ffbc79f0000 - 0x00007ffbc7a9c000 	C:\Windows\System32\ADVAPI32.dll
0x00007ffbc7100000 - 0x00007ffbc719e000 	C:\Windows\System32\msvcrt.dll
0x00007ffbc7aa0000 - 0x00007ffbc7b3b000 	C:\Windows\System32\sechost.dll
0x00007ffbc8370000 - 0x00007ffbc849b000 	C:\Windows\System32\RPCRT4.dll
0x00007ffbc7700000 - 0x00007ffbc78a0000 	C:\Windows\System32\USER32.dll
0x00007ffbc69f0000 - 0x00007ffbc6a12000 	C:\Windows\System32\win32u.dll
0x00007ffbc85d0000 - 0x00007ffbc85fa000 	C:\Windows\System32\GDI32.dll
0x00007ffbc65d0000 - 0x00007ffbc66db000 	C:\Windows\System32\gdi32full.dll
0x00007ffbc68a0000 - 0x00007ffbc693d000 	C:\Windows\System32\msvcp_win.dll
0x00007ffbc6a50000 - 0x00007ffbc6b50000 	C:\Windows\System32\ucrtbase.dll
0x00007ffbabc80000 - 0x00007ffbabf1a000 	C:\Windows\WinSxS\amd64_microsoft.windows.common-controls_6595b64144ccf1df_6.0.19041.844_none_ca00b6081b84eb1d\COMCTL32.dll
0x00007ffbc7950000 - 0x00007ffbc7980000 	C:\Windows\System32\IMM32.DLL
0x000000005a4a0000 - 0x000000005a572000 	C:\Users\jonas\ProM 6.10\jre8\bin\msvcr100.dll
0x0000000059c00000 - 0x000000005a49f000 	C:\Users\jonas\ProM 6.10\jre8\bin\server\jvm.dll
0x00007ffbb2840000 - 0x00007ffbb2867000 	C:\Windows\SYSTEM32\WINMM.dll
0x00007ffbb6720000 - 0x00007ffbb672a000 	C:\Windows\SYSTEM32\VERSION.dll
0x00007ffbc6c30000 - 0x00007ffbc6c38000 	C:\Windows\System32\PSAPI.DLL
0x00007ffbafc10000 - 0x00007ffbafc19000 	C:\Windows\SYSTEM32\WSOCK32.dll
0x00007ffbc7980000 - 0x00007ffbc79eb000 	C:\Windows\System32\WS2_32.dll
0x0000000059bf0000 - 0x0000000059bff000 	C:\Users\jonas\ProM 6.10\jre8\bin\verify.dll
0x0000000059bc0000 - 0x0000000059be9000 	C:\Users\jonas\ProM 6.10\jre8\bin\java.dll
0x0000000059ba0000 - 0x0000000059bb6000 	C:\Users\jonas\ProM 6.10\jre8\bin\zip.dll
0x00007ffbc7c20000 - 0x00007ffbc8362000 	C:\Windows\System32\SHELL32.dll
0x00007ffbc43f0000 - 0x00007ffbc4b81000 	C:\Windows\SYSTEM32\windows.storage.dll
0x00007ffbc6d00000 - 0x00007ffbc7055000 	C:\Windows\System32\combase.dll
0x00007ffbc5d20000 - 0x00007ffbc5d4c000 	C:\Windows\SYSTEM32\Wldp.dll
0x00007ffbc89c0000 - 0x00007ffbc8a6e000 	C:\Windows\System32\SHCORE.dll
0x00007ffbc8a70000 - 0x00007ffbc8ac5000 	C:\Windows\System32\shlwapi.dll
0x00007ffbc61f0000 - 0x00007ffbc620f000 	C:\Windows\SYSTEM32\profapi.dll
0x0000000059b80000 - 0x0000000059b9a000 	C:\Users\jonas\ProM 6.10\jre8\bin\net.dll
0x00007ffbc5a90000 - 0x00007ffbc5afa000 	C:\Windows\system32\mswsock.dll
0x00007ffbc5770000 - 0x00007ffbc583c000 	C:\Windows\SYSTEM32\DNSAPI.dll
0x00007ffbc5730000 - 0x00007ffbc576b000 	C:\Windows\SYSTEM32\IPHLPAPI.DLL
0x00007ffbc70e0000 - 0x00007ffbc70e8000 	C:\Windows\System32\NSI.dll
0x00007ffbbb490000 - 0x00007ffbbb49a000 	C:\Windows\System32\rasadhlp.dll
0x00007ffbb83e0000 - 0x00007ffbb845f000 	C:\Windows\System32\fwpuclnt.dll
0x00007ffbc6a20000 - 0x00007ffbc6a47000 	C:\Windows\System32\bcrypt.dll
0x00000000599e0000 - 0x0000000059b78000 	C:\Users\jonas\ProM 6.10\jre8\bin\awt.dll
0x00007ffbc71a0000 - 0x00007ffbc726d000 	C:\Windows\System32\OLEAUT32.dll
0x00007ffbbfaa0000 - 0x00007ffbbfb30000 	C:\Windows\SYSTEM32\apphelp.dll
0x00007ffbc5c60000 - 0x00007ffbc5c78000 	C:\Windows\SYSTEM32\CRYPTSP.dll
0x00007ffbc53c0000 - 0x00007ffbc53f4000 	C:\Windows\system32\rsaenh.dll
0x00007ffbc61b0000 - 0x00007ffbc61de000 	C:\Windows\SYSTEM32\USERENV.dll
0x00007ffbc6b50000 - 0x00007ffbc6bd0000 	C:\Windows\System32\bcryptprimitives.dll
0x00007ffbc5c80000 - 0x00007ffbc5c8c000 	C:\Windows\SYSTEM32\CRYPTBASE.dll
0x00007ffbbbc30000 - 0x00007ffbbbc47000 	C:\Windows\SYSTEM32\dhcpcsvc6.DLL
0x00007ffbbb7e0000 - 0x00007ffbbb7fd000 	C:\Windows\SYSTEM32\dhcpcsvc.DLL
0x00000000599c0000 - 0x00000000599d1000 	C:\Users\jonas\ProM 6.10\jre8\bin\nio.dll
0x00007ffbc0380000 - 0x00007ffbc041e000 	C:\Windows\system32\uxtheme.dll
0x00007ffbc88a0000 - 0x00007ffbc89b5000 	C:\Windows\System32\MSCTF.dll
0x00007ffbc84a0000 - 0x00007ffbc85ca000 	C:\Windows\System32\ole32.dll
0x00007ffbc4220000 - 0x00007ffbc4232000 	C:\Windows\SYSTEM32\kernel.appcore.dll
0x00007ffb9c0c0000 - 0x00007ffb9c1e6000 	C:\Windows\system32\opengl32.dll
0x00007ffb9c090000 - 0x00007ffb9c0bc000 	C:\Windows\SYSTEM32\GLU32.dll
0x00007ffbc3da0000 - 0x00007ffbc3dcf000 	C:\Windows\system32\DWMAPI.DLL
0x0000000059980000 - 0x00000000599b1000 	C:\Users\jonas\ProM 6.10\jre8\bin\jpeg.dll
0x00007ffbc78a0000 - 0x00007ffbc7949000 	C:\Windows\System32\clbcatq.dll
0x00007ffbbb6e0000 - 0x00007ffbbb7d9000 	C:\Windows\System32\AppXDeploymentClient.dll
0x00007ffb42b50000 - 0x00007ffb43b22000 	C:\Windows\System32\DriverStore\FileRepository\iigd_dch.inf_amd64_c0d80a866e0b1dc6\ig9icd64.dll
0x00007ffbc4bf0000 - 0x00007ffbc4ce3000 	C:\Windows\system32\dxgi.dll
0x00007ffbb64b0000 - 0x00007ffbb6708000 	C:\Windows\System32\DriverStore\FileRepository\iigd_dch.inf_amd64_c0d80a866e0b1dc6\igdgmm64.dll
0x00007ffbb37d0000 - 0x00007ffbb64b0000 	C:\Windows\System32\DriverStore\FileRepository\iigd_dch.inf_amd64_c0d80a866e0b1dc6\igc64.dll
0x00007ffbc58a0000 - 0x00007ffbc58eb000 	C:\Windows\SYSTEM32\powrprof.dll
0x00007ffbc5710000 - 0x00007ffbc5722000 	C:\Windows\SYSTEM32\UMPDC.dll
0x00007ffb64750000 - 0x00007ffb64b6a000 	C:\Windows\System32\DriverStore\FileRepository\iigd_dch.inf_amd64_c0d80a866e0b1dc6\igdml64.dll
0x0000000059950000 - 0x000000005997a000 	C:\Users\jonas\ProM 6.10\jre8\bin\dcpr.dll
0x0000000059900000 - 0x0000000059947000 	C:\Users\jonas\ProM 6.10\jre8\bin\fontmanager.dll
0x00000000598b0000 - 0x00000000598f2000 	C:\Users\jonas\ProM 6.10\jre8\bin\t2k.dll
0x0000000059870000 - 0x00000000598ae000 	C:\Users\jonas\ProM 6.10\jre8\bin\lcms.dll
0x00007ffba1900000 - 0x00007ffba19f9000 	C:\Windows\SYSTEM32\textinputframework.dll
0x00007ffbbe950000 - 0x00007ffbbecae000 	C:\Windows\System32\CoreUIComponents.dll
0x00007ffbbf080000 - 0x00007ffbbf172000 	C:\Windows\System32\CoreMessaging.dll
0x00007ffbc4ff0000 - 0x00007ffbc5023000 	C:\Windows\SYSTEM32\ntmarta.dll
0x00007ffbbf2b0000 - 0x00007ffbbf404000 	C:\Windows\SYSTEM32\wintypes.dll
0x00007ffbbc5f0000 - 0x00007ffbbc7a4000 	C:\Windows\SYSTEM32\WindowsCodecs.dll
0x00007ffb9cf80000 - 0x00007ffb9cfbe000 	C:\Windows\system32\dataexchange.dll
0x00007ffbbe760000 - 0x00007ffbbe945000 	C:\Windows\system32\dcomp.dll
0x00007ffbbe060000 - 0x00007ffbbe2c4000 	C:\Windows\system32\d3d11.dll
0x00007ffbbbea0000 - 0x00007ffbbc0a1000 	C:\Windows\system32\twinapi.appcore.dll
0x00007ffb8ba50000 - 0x00007ffb8bb00000 	C:\Windows\WinSxS\amd64_microsoft.windows.common-controls_6595b64144ccf1df_5.82.19041.844_none_423537bff6b9828c\comctl32.dll
0x00007ffbc62b0000 - 0x00007ffbc62fe000 	C:\Windows\System32\CFGMGR32.dll
0x00007ffbbfe70000 - 0x00007ffbbff67000 	C:\Windows\system32\propsys.dll
0x00007ffbb00e0000 - 0x00007ffbb00f7000 	C:\Windows\system32\NetworkExplorer.dll
0x00007ffb9fd10000 - 0x00007ffb9fd2d000 	C:\Windows\SYSTEM32\MPR.dll
0x00007ffbbfa20000 - 0x00007ffbbfa2b000 	C:\Windows\System32\drprov.dll
0x00007ffbc50a0000 - 0x00007ffbc50fa000 	C:\Windows\System32\WINSTA.dll
0x00007ffba3e00000 - 0x00007ffba3e18000 	C:\Windows\System32\ntlanman.dll
0x00007ffba3de0000 - 0x00007ffba3dfe000 	C:\Windows\System32\davclnt.dll
0x00007ffbbfa10000 - 0x00007ffbbfa1d000 	C:\Windows\System32\DAVHLPR.dll
0x00007ffbc54e0000 - 0x00007ffbc54f7000 	C:\Windows\System32\wkscli.dll
0x00007ffba1030000 - 0x00007ffba1042000 	C:\Windows\SYSTEM32\cscapi.dll
0x00007ffbc5840000 - 0x00007ffbc584c000 	C:\Windows\System32\netutils.dll
0x00007ffbc0230000 - 0x00007ffbc0288000 	C:\Windows\System32\dlnashext.dll
0x00007ffba5560000 - 0x00007ffba55c4000 	C:\Windows\System32\PlayToDevice.dll
0x00007ffbb0d80000 - 0x00007ffbb0da0000 	C:\Windows\System32\DevDispItemProvider.dll
0x00007ffbbb270000 - 0x00007ffbbb2f5000 	C:\Windows\System32\MMDevApi.dll
0x00007ffbc6060000 - 0x00007ffbc608c000 	C:\Windows\System32\DEVOBJ.dll
0x00007ffbb9a60000 - 0x00007ffbb9b03000 	C:\Windows\System32\PortableDeviceApi.dll
0x00007ffbc7290000 - 0x00007ffbc76f9000 	C:\Windows\System32\SETUPAPI.dll
0x00007ffbc66e0000 - 0x00007ffbc6740000 	C:\Windows\System32\WINTRUST.dll
0x00007ffbc6740000 - 0x00007ffbc689f000 	C:\Windows\System32\CRYPT32.dll
0x00007ffbc5ea0000 - 0x00007ffbc5eb2000 	C:\Windows\System32\MSASN1.dll
0x00007ffbbc5c0000 - 0x00007ffbbc5e6000 	C:\Windows\System32\EhStorAPI.dll
0x00007ffbc05f0000 - 0x00007ffbc0604000 	C:\Windows\System32\WTSAPI32.dll
0x00007ffb95f60000 - 0x00007ffb95f6d000 	C:\Windows\SYSTEM32\LINKINFO.dll
0x00000000637c0000 - 0x00000000637cd000 	C:\Users\jonas\AppData\Local\Temp\jogamp_0000\file_cache\jln2357911813332438111\jln2163231391491769786\natives\windows-amd64\gluegen-rt.dll
0x0000000059860000 - 0x0000000059867000 	C:\Users\jonas\ProM 6.10\jre8\bin\jawt.dll
0x000000006a440000 - 0x000000006a44d000 	C:\Users\jonas\AppData\Local\Temp\jogamp_0000\file_cache\jln2357911813332438111\jln2163231391491769786\natives\windows-amd64\nativewindow_awt.dll
0x000000006c100000 - 0x000000006c10f000 	C:\Users\jonas\AppData\Local\Temp\jogamp_0000\file_cache\jln2357911813332438111\jln2163231391491769786\natives\windows-amd64\nativewindow_win32.dll
0x0000000064500000 - 0x00000000645b1000 	C:\Users\jonas\AppData\Local\Temp\jogamp_0000\file_cache\jln2357911813332438111\jln2163231391491769786\natives\windows-amd64\jogl_desktop.dll
0x00007ffb80b70000 - 0x00007ffb80ddf000 	C:\Users\jonas\anaconda3\Library\bin\libGLESv2.dll
0x00007ffba3d90000 - 0x00007ffba3da6000 	C:\Users\jonas\ProM 6.10\jre8\bin\VCRUNTIME140.dll
0x00007ffba25a0000 - 0x00007ffba263c000 	C:\Users\jonas\ProM 6.10\jre8\bin\MSVCP140.dll
0x00007ffb74390000 - 0x00007ffb7455e000 	C:\Windows\SYSTEM32\d3d9.dll
0x00007ffbabc70000 - 0x00007ffbabc78000 	C:\Users\jonas\anaconda3\Library\bin\libEGL.dll
0x0000000064340000 - 0x00000000643a2000 	C:\Users\jonas\AppData\Local\Temp\jogamp_0000\file_cache\jln2357911813332438111\jln2163231391491769786\natives\windows-amd64\jogl_mobile.dll
0x0000000180000000 - 0x000000018009e000 	C:\Users\jonas\.ProM\packages\lpsolve-5.5.4\lib\win64\lpsolve55.dll
0x0000000051d40000 - 0x0000000051d65000 	C:\Users\jonas\.ProM\packages\lpsolve-5.5.4\lib\win64\lpsolve55j.dll
0x0000000059620000 - 0x000000005963b000 	C:\Users\jonas\.ProM\packages\lpsolve-5.5.4\lib\win64\bfp_etaPFI.DLL

VM Arguments:
jvm_args: -ea -Xmx20G -Djava.library.path=.//lib -Dsun.java2d.opengl=true -Dfile.encoding=Cp1252 
java_command: org.processmining.contexts.uitopia.UI
java_class_path (initial): C:\Users\jonas\eclipse-workspace\InductiveVisualMiner\bin;C:\Users\jonas\.ivy2\cache\org.jblas\jblas\jars\jblas-1.2.4.jar;C:\Users\jonas\.ivy2\cache\net.sourceforge.jexcelapi\jxl\jars\jxl-2.6.jar;C:\Users\jonas\.ivy2\cache\prom\ProM-Plugins\jars\ProM-Plugins-latest.jar;C:\Users\jonas\.ivy2\cache\prom\ProM-Contexts\jars\ProM-Contexts-latest.jar;C:\Users\jonas\.ivy2\cache\prom-libs\guava\jars\guava-16.0.1.jar;C:\Users\jonas\.ivy2\cache\junit\junit\jars\junit-4.12.jar;C:\Users\jonas\.ivy2\cache\prom-libs\bsh\jars\bsh-2.0b4.jar;C:\Users\jonas\.ivy2\cache\prom-libs\Spex\jars\Spex-1.1.jar;C:\Users\jonas\.ivy2\cache\prom-libs\Uitopia\jars\Uitopia-0.6-20190913.jar;C:\Users\jonas\.ivy2\cache\prom-libs\UITopiaResources\jars\UITopiaResources-0.6-20190913.jar;C:\Users\jonas\.ivy2\cache\prom\ProM-Framework\jars\ProM-Framework-latest.jar;C:\Users\jonas\.ivy2\cache\org.apache.commons\commons-compress\jars\commons-compress-1.13.jar;C:\Users\jonas\.ivy2\cache\commons-logging\commons-logging\jars\commons-logging-1.1.3.jar;C:\Users\jonas\.ivy2\cache\prom-libs\jgraph\jars\jgraph-5.13.0.4.jar;C:\Users\jonas\.ivy2\cache\com.brsanthu\google-analytics-java\jars\google-analytics-java-1.1.2.jar;C:\Users\jonas\.ivy2\cache\org.apache.httpcomponents\httpclient\jars\httpclient-4.5.3.jar;C:\Users\jonas\.ivy2\cache\org.apache.httpcomponents\httpcore\jars\httpcore-4.4.6.jar;C:\Users\jonas\.ivy2\cache\org.apache.logging.log4j\log4j-api\jars\log4j-api-2.8.1.jar;C:\Users\jonas\.ivy2\cache\org.apache.logging.log4j\log4j-core\jars\log4j-core-2.8.1.jar;C:\Users\jonas\.ivy2\cache\org.apache.logging.log4j\log4j-slf4j-impl\jars\log4j-slf4j-impl-2.8.1.jar;C:\Users\jonas\.ivy2\cache\prom-libs\jargs\jars\jargs-latest.jar;C:\Users\jonas\.ivy2\cache\tablelayout\TableLayout\jars\TableLayout-20050920.jar;C:\Users\jonas\.ivy2\cache\org.slf4j\slf4j-api\jars\slf4j-api-1.7.25.jar;C:\Users\jonas\.ivy2\cache\prom-libs\slickerbox\jars\slickerbox-1.0rc1.jar;C:\Users\jonas\.ivy2\cache\prom\ProM
Launcher Type: SUN_STANDARD

Environment Variables:
PATH=C:/Users/jonas/.p2/pool/plugins/org.eclipse.justj.openjdk.hotspot.jre.full.win32.x86_64_14.0.2.v20200815-0932/jre/bin/server;C:/Users/jonas/.p2/pool/plugins/org.eclipse.justj.openjdk.hotspot.jre.full.win32.x86_64_14.0.2.v20200815-0932/jre/bin;C:\Program Files\AdoptOpenJDK\jdk-11.0.10.9-hotspot\bin;C:\Program Files (x86)\Common Files\Oracle\Java\javapath;C:\Program Files (x86)\VMware\VMware Player\bin\;C:\Windows\system32;C:\Windows;C:\Windows\System32\Wbem;C:\Windows\System32\WindowsPowerShell\v1.0\;C:\Windows\System32\OpenSSH\;C:\Users\jonas\AppData\Local\Programs\Python\Python39\;C:\Users\jonas\AppData\Local\Programs\Python\Python39\Scripts\;C:\Program Files\Git\cmd;C:\Program Files\PostgreSQL\13\bin;C:\Program Files\PuTTY\;C:\Program Files\TortoiseSVN\bin;C:\Program Files\Graphviz\bin;C:\Users\jonas\anaconda3;C:\Users\jonas\anaconda3\Library\mingw-w64\bin;C:\Users\jonas\anaconda3\Library\usr\bin;C:\Users\jonas\anaconda3\Library\bin;C:\Users\jonas\anaconda3\Scripts;C:\Users\jonas\AppData\Local\Microsoft\WindowsApps;C:\Program Files\JetBrains\PyCharm 2020.2.3\bin;;C:\Users\jonas\AppData\Local\Programs\Python\Python39\;C:\Users\jonas\AppData\Local\Programs\Python\Python39\Scripts\;C:\Program Files\PostgreSQL\13\bin;C:\Users\jonas\AppData\Local\Google\Cloud SDK\google-cloud-sdk\bin;C:\Users\jonas\AppData\Local\Programs\Microsoft VS Code\bin;C:\Windows\system32;
USERNAME=jonas
OS=Windows_NT
PROCESSOR_IDENTIFIER=Intel64 Family 6 Model 142 Stepping 12, GenuineIntel



---------------  S Y S T E M  ---------------

OS: Windows 10.0 , 64 bit Build 19041 (10.0.19041.928)

CPU:total 8 (initial active 8) (4 cores per cpu, 2 threads per core) family 6 model 142 stepping 12, cmov, cx8, fxsr, mmx, sse, sse2, sse3, ssse3, sse4.1, sse4.2, popcnt, avx, avx2, aes, clmul, erms, 3dnowpref, lzcnt, ht, tsc, tscinvbit, bmi1, bmi2, adx

Memory: 4k page, physical 16560184k(5713624k free), swap 43823160k(26822488k free)

vm_info: Java HotSpot(TM) 64-Bit Server VM (25.161-b12) for windows-amd64 JRE (1.8.0_161-b12), built on Dec 19 2017 17:52:25 by "java_re" with MS VC++ 10.0 (VS2010)

time: Fri May 07 13:39:06 2021
elapsed time: 54 seconds (0d 0h 0m 54s)

