#
# A fatal error has been detected by the Java Runtime Environment:
#
#  EXCEPTION_ACCESS_VIOLATION (0xc0000005) at pc=0x0000000003ffabb7, pid=20568, tid=0x00000000000048e0
#
# JRE version: Java(TM) SE Runtime Environment (8.0_161-b12) (build 1.8.0_161-b12)
# Java VM: Java HotSpot(TM) 64-Bit Server VM (25.161-b12 mixed mode windows-amd64 compressed oops)
# Problematic frame:
# J 11184 C2 org.mapdb.StoreDirect.indexValGet(J)J (46 bytes) @ 0x0000000003ffabb7 [0x0000000003ffa980+0x237]
#
# Failed to write core dump. Minidumps are not enabled by default on client versions of Windows
#
# If you would like to submit a bug report, please visit:
#   http://bugreport.java.com/bugreport/crash.jsp
#

---------------  T H R E A D  ---------------

Current thread (0x000000004add3000):  JavaThread "pool-1-thread-3" [_thread_in_Java, id=18656, stack(0x0000000052350000,0x0000000052450000)]

siginfo: ExceptionCode=0xc0000005, reading address 0x000000005a695948

Registers:
RAX=0xac9cac9cac955948, RBX=0x0000000000000001, RCX=0x00000000587a54ed, RDX=0x0000000000075354
RSP=0x000000005244e630, RBP=0x0000000000000000, RSI=0x0000000000015948, RDI=0x00000002c3d5c2a0
R8 =0x00000002c3d2a768, R9 =0x0000000000000000, R10=0x0000000000015948, R11=0x000000005a680000
R12=0x0000000000000000, R13=0x00000002c047a6e0, R14=0x00000000cfa419c3, R15=0x000000004add3000
RIP=0x0000000003ffabb7, EFLAGS=0x0000000000010202

Top of Stack: (sp=0x000000005244e630)
0x000000005244e630:   000000061b924060 0000000003ffb640
0x000000005244e640:   00d300000022f292 00000002c3d5b660
0x000000005244e650:   00000002c3d96490 00000002c49035a8
0x000000005244e660:   00000002c3d96490 000000060000000e
0x000000005244e670:   000000061b924c28 0000000004077a6c
0x000000005244e680:   000000061b91fd70 00000000035c2e5c
0x000000005244e690:   00000000035c2c94 00000002c3d80060
0x000000005244e6a0:   000000000000001f 00000002c3d5b660
0x000000005244e6b0:   00000002c3d96490 000000000000000f
0x000000005244e6c0:   00000002c3d5b7d8 0000000600000001
0x000000005244e6d0:   00000002c3d95c88 00000002c3d80060
0x000000005244e6e0:   0000000000001b1e 00000002c3d5b660
0x000000005244e6f0:   00000002c3dd0588 000000020000000e
0x000000005244e700:   00000002c3d5b850 0000000000000000
0x000000005244e710:   000000061b924c28 00000000035c2d74
0x000000005244e720:   0000000692719b60 000000061b922950 

Instructions: (pc=0x0000000003ffabb7)
0x0000000003ffab97:   f6 00 00 00 41 8b 68 1c 41 2b ea 83 fd 08 0f 8c
0x0000000003ffaba7:   8e 01 00 00 4d 8b 58 10 41 0f b6 68 2a 4d 63 d2
0x0000000003ffabb7:   4b 8b 04 13 85 ed 0f 85 8e 01 00 00 48 0f c8 48
0x0000000003ffabc7:   85 c0 0f 84 92 01 00 00 f3 4c 0f b8 d8 41 8b eb 


Register to memory mapping:

RAX=0xac9cac9cac955948 is an unknown value
RBX=0x0000000000000001 is an unknown value
RCX=0x00000000587a54ed is an unknown value
RDX=0x0000000000075354 is an unknown value
RSP=0x000000005244e630 is pointing into the stack for thread: 0x000000004add3000
RBP=0x0000000000000000 is an unknown value
RSI=0x0000000000015948 is an unknown value
RDI=0x00000002c3d5c2a0 is an oop
org.mapdb.Volume$MappedFileVol 
 - klass: 'org/mapdb/Volume$MappedFileVol'
R8 =0x00000002c3d2a768 is an oop
java.nio.DirectByteBuffer 
 - klass: 'java/nio/DirectByteBuffer'
R9 =0x0000000000000000 is an unknown value
R10=0x0000000000015948 is an unknown value
R11=0x000000005a680000 is pointing into the stack for thread: 0x000000004adcc800
R12=0x0000000000000000 is an unknown value
R13=0x00000002c047a6e0 is an oop
java.lang.String 
 - klass: 'java/lang/String'
R14=0x00000000cfa419c3 is an unknown value
R15=0x000000004add3000 is a thread


Stack: [0x0000000052350000,0x0000000052450000],  sp=0x000000005244e630,  free space=1017k
Native frames: (J=compiled Java code, j=interpreted, Vv=VM code, C=native code)


---------------  P R O C E S S  ---------------

Java Threads: ( => current thread )
=>0x000000004add3000 JavaThread "pool-1-thread-3" [_thread_in_Java, id=18656, stack(0x0000000052350000,0x0000000052450000)]
  0x000000004add1800 JavaThread "pool-1-thread-2" [_thread_blocked, id=20280, stack(0x0000000052250000,0x0000000052350000)]
  0x000000004adcf800 JavaThread "IvM chain thread" [_thread_blocked, id=15856, stack(0x0000000052050000,0x0000000052150000)]
  0x000000004adc5800 JavaThread "IvM rendering thread" [_thread_blocked, id=20444, stack(0x0000000051f50000,0x0000000052050000)]
  0x000000004adc8800 JavaThread "SwingWorker-pool-5-thread-1" daemon [_thread_blocked, id=13988, stack(0x0000000059210000,0x0000000059310000)]
  0x000000004adcc800 JavaThread "XESLiteDB-0-Worker-Thread-3" daemon [_thread_blocked, id=19200, stack(0x000000005a580000,0x000000005a680000)]
  0x000000004adc4000 JavaThread "XESLiteDB-0-Worker-Thread-2" daemon [_thread_blocked, id=21328, stack(0x0000000059710000,0x0000000059810000)]
  0x000000004adc5000 JavaThread "XESLiteDB-0-Worker-Thread-1" daemon [_thread_blocked, id=10212, stack(0x0000000059610000,0x0000000059710000)]
  0x000000004adca000 JavaThread "XESLiteDB-0-Worker-Thread-0" daemon [_thread_blocked, id=20924, stack(0x0000000059510000,0x0000000059610000)]
  0x000000004adc7000 JavaThread "DestroyJavaVM" [_thread_blocked, id=6612, stack(0x00000000023a0000,0x00000000024a0000)]
  0x00000000436a7000 JavaThread "Java2D Queue Flusher" daemon [_thread_blocked, id=18920, stack(0x00000000498e0000,0x00000000499e0000)]
  0x00000000436a6000 JavaThread "TimerQueue" daemon [_thread_blocked, id=20160, stack(0x00000000493e0000,0x00000000494e0000)]
  0x00000000436a4000 JavaThread "AWT-EventQueue-0" [_thread_blocked, id=19576, stack(0x0000000047230000,0x0000000047330000)]
  0x00000000436a3000 JavaThread "AWT-Shutdown" [_thread_blocked, id=17676, stack(0x0000000046ff0000,0x00000000470f0000)]
  0x00000000436a5800 JavaThread "Java2D Disposer" daemon [_thread_blocked, id=18588, stack(0x0000000047130000,0x0000000047230000)]
  0x000000004372a000 JavaThread "Service Thread" daemon [_thread_blocked, id=2100, stack(0x0000000044290000,0x0000000044390000)]
  0x00000000436a9000 JavaThread "C1 CompilerThread3" daemon [_thread_in_native, id=18324, stack(0x0000000044190000,0x0000000044290000)]
  0x00000000436a7800 JavaThread "C2 CompilerThread2" daemon [_thread_in_native, id=5336, stack(0x0000000044090000,0x0000000044190000)]
  0x000000004369c000 JavaThread "C2 CompilerThread1" daemon [_thread_in_native, id=17308, stack(0x0000000043f90000,0x0000000044090000)]
  0x0000000043697000 JavaThread "C2 CompilerThread0" daemon [_thread_in_vm, id=18468, stack(0x0000000043e90000,0x0000000043f90000)]
  0x0000000043692800 JavaThread "Attach Listener" daemon [_thread_blocked, id=19108, stack(0x0000000043d90000,0x0000000043e90000)]
  0x00000000417ae800 JavaThread "Signal Dispatcher" daemon [_thread_blocked, id=8252, stack(0x0000000043c90000,0x0000000043d90000)]
  0x0000000043680800 JavaThread "Finalizer" daemon [_thread_blocked, id=8012, stack(0x0000000043a60000,0x0000000043b60000)]
  0x000000004179f000 JavaThread "Reference Handler" daemon [_thread_blocked, id=20696, stack(0x0000000043560000,0x0000000043660000)]

Other Threads:
  0x0000000041798800 VMThread [stack: 0x0000000043460000,0x0000000043560000] [id=16908]
  0x000000004378c800 WatcherThread [stack: 0x0000000044390000,0x0000000044490000] [id=20784]

VM state:not at safepoint (normal execution)

VM Mutex/Monitor currently owned by a thread: None

Heap:
 PSYoungGen      total 1606144K, used 146673K [0x0000000615580000, 0x0000000692900000, 0x00000007c0000000)
  eden space 1604096K, 9% used [0x0000000615580000,0x000000061e307158,0x0000000677400000)
  from space 2048K, 85% used [0x0000000692700000,0x00000006928b54b0,0x0000000692900000)
  to   space 14848K, 0% used [0x0000000690c00000,0x0000000690c00000,0x0000000691a80000)
 ParOldGen       total 174592K, used 94726K [0x00000002c0000000, 0x00000002caa80000, 0x0000000615580000)
  object space 174592K, 54% used [0x00000002c0000000,0x00000002c5c81800,0x00000002caa80000)
 Metaspace       used 56918K, capacity 57330K, committed 57816K, reserved 1099776K
  class space    used 7977K, capacity 8137K, committed 8192K, reserved 1048576K

Card table byte_map: [0x0000000011960000,0x0000000014170000] byte_map_base: 0x0000000010360000

Marking Bits: (ParMarkBitMap*) 0x000000005a41f860
 Begin Bits: [0x0000000016420000, 0x000000002a420000)
 End Bits:   [0x000000002a420000, 0x000000003e420000)

Polling page: 0x0000000002310000

CodeCache: size=245760Kb used=29784Kb max_used=29797Kb free=215975Kb
 bounds [0x00000000025a0000, 0x0000000004300000, 0x00000000115a0000]
 total_blobs=9266 nmethods=8162 adapters=1014
 compilation: enabled

Compilation events (10 events):
Event: 83.284 Thread 0x00000000436a9000 nmethod 11211 0x0000000003bd8ad0 code [0x0000000003bd8c20, 0x0000000003bd8d30]
Event: 83.284 Thread 0x00000000436a9000 11212       1       org.mapdb.DataIO$DataInputByteBuffer::internalByteBuffer (5 bytes)
Event: 83.285 Thread 0x00000000436a9000 nmethod 11212 0x0000000003ffa550 code [0x0000000003ffa6a0, 0x0000000003ffa7b0]
Event: 83.285 Thread 0x0000000043697000 nmethod 11187 0x0000000003755450 code [0x0000000003755680, 0x0000000003756530]
Event: 83.285 Thread 0x0000000043697000 11197   !   4       org.mapdb.Store::serialize (351 bytes)
Event: 83.285 Thread 0x00000000436a9000 11215       3       org.mapdb.Store::deserializeExtra (475 bytes)
Event: 83.285 Thread 0x00000000436a7800 nmethod 11213 0x0000000003e09d50 code [0x0000000003e09ea0, 0x0000000003e09f98]
Event: 83.285 Thread 0x00000000436a7800 11210       4       java.nio.DirectByteBuffer::get (15 bytes)
Event: 83.285 Thread 0x00000000436a7800 nmethod 11210 0x0000000003042a90 code [0x0000000003042bc0, 0x0000000003042c58]
Event: 83.285 Thread 0x00000000436a7800 11218       4       org.mapdb.DataIO$DataInputByteArray::unpackInt (43 bytes)

GC Heap History (10 events):
Event: 74.811 GC heap before
{Heap before GC invocations=44 (full 2):
 PSYoungGen      total 2052096K, used 2033690K [0x0000000615580000, 0x0000000695a80000, 0x00000007c0000000)
  eden space 2030592K, 100% used [0x0000000615580000,0x0000000691480000,0x0000000691480000)
  from space 21504K, 14% used [0x0000000691480000,0x0000000691786950,0x0000000692980000)
  to   space 19968K, 0% used [0x0000000694700000,0x0000000694700000,0x0000000695a80000)
 ParOldGen       total 174592K, used 94614K [0x00000002c0000000, 0x00000002caa80000, 0x0000000615580000)
  object space 174592K, 54% used [0x00000002c0000000,0x00000002c5c65800,0x00000002caa80000)
 Metaspace       used 56724K, capacity 57138K, committed 57816K, reserved 1099776K
  class space    used 7963K, capacity 8073K, committed 8192K, reserved 1048576K
Event: 74.814 GC heap after
Heap after GC invocations=44 (full 2):
 PSYoungGen      total 1938432K, used 1812K [0x0000000615580000, 0x0000000694900000, 0x00000007c0000000)
  eden space 1936384K, 0% used [0x0000000615580000,0x0000000615580000,0x000000068b880000)
  from space 2048K, 88% used [0x0000000694700000,0x00000006948c51b0,0x0000000694900000)
  to   space 18944K, 0% used [0x0000000692400000,0x0000000692400000,0x0000000693680000)
 ParOldGen       total 174592K, used 94646K [0x00000002c0000000, 0x00000002caa80000, 0x0000000615580000)
  object space 174592K, 54% used [0x00000002c0000000,0x00000002c5c6d800,0x00000002caa80000)
 Metaspace       used 56724K, capacity 57138K, committed 57816K, reserved 1099776K
  class space    used 7963K, capacity 8073K, committed 8192K, reserved 1048576K
}
Event: 76.975 GC heap before
{Heap before GC invocations=45 (full 2):
 PSYoungGen      total 1938432K, used 1938196K [0x0000000615580000, 0x0000000694900000, 0x00000007c0000000)
  eden space 1936384K, 100% used [0x0000000615580000,0x000000068b880000,0x000000068b880000)
  from space 2048K, 88% used [0x0000000694700000,0x00000006948c51b0,0x0000000694900000)
  to   space 18944K, 0% used [0x0000000692400000,0x0000000692400000,0x0000000693680000)
 ParOldGen       total 174592K, used 94646K [0x00000002c0000000, 0x00000002caa80000, 0x0000000615580000)
  object space 174592K, 54% used [0x00000002c0000000,0x00000002c5c6d800,0x00000002caa80000)
 Metaspace       used 56724K, capacity 57138K, committed 57816K, reserved 1099776K
  class space    used 7963K, capacity 8073K, committed 8192K, reserved 1048576K
Event: 76.978 GC heap after
Heap after GC invocations=45 (full 2):
 PSYoungGen      total 1848832K, used 1781K [0x0000000615580000, 0x0000000694780000, 0x00000007c0000000)
  eden space 1846784K, 0% used [0x0000000615580000,0x0000000615580000,0x0000000686100000)
  from space 2048K, 86% used [0x0000000692400000,0x00000006925bd4b0,0x0000000692600000)
  to   space 17920K, 0% used [0x0000000693600000,0x0000000693600000,0x0000000694780000)
 ParOldGen       total 174592K, used 94678K [0x00000002c0000000, 0x00000002caa80000, 0x0000000615580000)
  object space 174592K, 54% used [0x00000002c0000000,0x00000002c5c75800,0x00000002caa80000)
 Metaspace       used 56724K, capacity 57138K, committed 57816K, reserved 1099776K
  class space    used 7963K, capacity 8073K, committed 8192K, reserved 1048576K
}
Event: 79.047 GC heap before
{Heap before GC invocations=46 (full 2):
 PSYoungGen      total 1848832K, used 1848565K [0x0000000615580000, 0x0000000694780000, 0x00000007c0000000)
  eden space 1846784K, 100% used [0x0000000615580000,0x0000000686100000,0x0000000686100000)
  from space 2048K, 86% used [0x0000000692400000,0x00000006925bd4b0,0x0000000692600000)
  to   space 17920K, 0% used [0x0000000693600000,0x0000000693600000,0x0000000694780000)
 ParOldGen       total 174592K, used 94678K [0x00000002c0000000, 0x00000002caa80000, 0x0000000615580000)
  object space 174592K, 54% used [0x00000002c0000000,0x00000002c5c75800,0x00000002caa80000)
 Metaspace       used 56724K, capacity 57138K, committed 57816K, reserved 1099776K
  class space    used 7963K, capacity 8073K, committed 8192K, reserved 1048576K
Event: 79.050 GC heap after
Heap after GC invocations=46 (full 2):
 PSYoungGen      total 1764864K, used 3030K [0x0000000615580000, 0x0000000693900000, 0x00000007c0000000)
  eden space 1761792K, 0% used [0x0000000615580000,0x0000000615580000,0x0000000680e00000)
  from space 3072K, 98% used [0x0000000693600000,0x00000006938f5a90,0x0000000693900000)
  to   space 16384K, 0% used [0x0000000691900000,0x0000000691900000,0x0000000692900000)
 ParOldGen       total 174592K, used 94678K [0x00000002c0000000, 0x00000002caa80000, 0x0000000615580000)
  object space 174592K, 54% used [0x00000002c0000000,0x00000002c5c75800,0x00000002caa80000)
 Metaspace       used 56724K, capacity 57138K, committed 57816K, reserved 1099776K
  class space    used 7963K, capacity 8073K, committed 8192K, reserved 1048576K
}
Event: 81.138 GC heap before
{Heap before GC invocations=47 (full 2):
 PSYoungGen      total 1764864K, used 1764822K [0x0000000615580000, 0x0000000693900000, 0x00000007c0000000)
  eden space 1761792K, 100% used [0x0000000615580000,0x0000000680e00000,0x0000000680e00000)
  from space 3072K, 98% used [0x0000000693600000,0x00000006938f5a90,0x0000000693900000)
  to   space 16384K, 0% used [0x0000000691900000,0x0000000691900000,0x0000000692900000)
 ParOldGen       total 174592K, used 94678K [0x00000002c0000000, 0x00000002caa80000, 0x0000000615580000)
  object space 174592K, 54% used [0x00000002c0000000,0x00000002c5c75800,0x00000002caa80000)
 Metaspace       used 56744K, capacity 57170K, committed 57816K, reserved 1099776K
  class space    used 7965K, capacity 8105K, committed 8192K, reserved 1048576K
Event: 81.141 GC heap after
Heap after GC invocations=47 (full 2):
 PSYoungGen      total 1682944K, used 1891K [0x0000000615580000, 0x0000000693680000, 0x00000007c0000000)
  eden space 1680896K, 0% used [0x0000000615580000,0x0000000615580000,0x000000067bf00000)
  from space 2048K, 92% used [0x0000000691900000,0x0000000691ad8ec0,0x0000000691b00000)
  to   space 15872K, 0% used [0x0000000692700000,0x0000000692700000,0x0000000693680000)
 ParOldGen       total 174592K, used 94710K [0x00000002c0000000, 0x00000002caa80000, 0x0000000615580000)
  object space 174592K, 54% used [0x00000002c0000000,0x00000002c5c7d800,0x00000002caa80000)
 Metaspace       used 56744K, capacity 57170K, committed 57816K, reserved 1099776K
  class space    used 7965K, capacity 8105K, committed 8192K, reserved 1048576K
}
Event: 83.067 GC heap before
{Heap before GC invocations=48 (full 2):
 PSYoungGen      total 1682944K, used 1682787K [0x0000000615580000, 0x0000000693680000, 0x00000007c0000000)
  eden space 1680896K, 100% used [0x0000000615580000,0x000000067bf00000,0x000000067bf00000)
  from space 2048K, 92% used [0x0000000691900000,0x0000000691ad8ec0,0x0000000691b00000)
  to   space 15872K, 0% used [0x0000000692700000,0x0000000692700000,0x0000000693680000)
 ParOldGen       total 174592K, used 94710K [0x00000002c0000000, 0x00000002caa80000, 0x0000000615580000)
  object space 174592K, 54% used [0x00000002c0000000,0x00000002c5c7d800,0x00000002caa80000)
 Metaspace       used 56757K, capacity 57170K, committed 57816K, reserved 1099776K
  class space    used 7965K, capacity 8105K, committed 8192K, reserved 1048576K
Event: 83.070 GC heap after
Heap after GC invocations=48 (full 2):
 PSYoungGen      total 1606144K, used 1749K [0x0000000615580000, 0x0000000692900000, 0x00000007c0000000)
  eden space 1604096K, 0% used [0x0000000615580000,0x0000000615580000,0x0000000677400000)
  from space 2048K, 85% used [0x0000000692700000,0x00000006928b54b0,0x0000000692900000)
  to   space 14848K, 0% used [0x0000000690c00000,0x0000000690c00000,0x0000000691a80000)
 ParOldGen       total 174592K, used 94726K [0x00000002c0000000, 0x00000002caa80000, 0x0000000615580000)
  object space 174592K, 54% used [0x00000002c0000000,0x00000002c5c81800,0x00000002caa80000)
 Metaspace       used 56757K, capacity 57170K, committed 57816K, reserved 1099776K
  class space    used 7965K, capacity 8105K, committed 8192K, reserved 1048576K
}

Deoptimization events (10 events):
Event: 83.198 Thread 0x000000004add3000 Uncommon trap: reason=class_check action=maybe_recompile pc=0x00000000039a3e38 method=org.processmining.plugins.inductiveminer2.attributes.AttributeImpl.getLiteral(Lorg/deckfour/xes/model/XAttributable;)Ljava/lang/String; @ 66
Event: 83.208 Thread 0x000000004add3000 Uncommon trap: reason=class_check action=maybe_recompile pc=0x00000000039a3e38 method=org.processmining.plugins.inductiveminer2.attributes.AttributeImpl.getLiteral(Lorg/deckfour/xes/model/XAttributable;)Ljava/lang/String; @ 66
Event: 83.209 Thread 0x000000004add3000 Uncommon trap: reason=class_check action=maybe_recompile pc=0x0000000003752194 method=org.processmining.plugins.inductiveminer2.attributes.AttributeImpl.getNumeric(Lorg/deckfour/xes/model/XAttributable;)D @ 66
Event: 83.209 Thread 0x000000004add3000 Uncommon trap: reason=class_check action=maybe_recompile pc=0x000000000350fb24 method=org.processmining.plugins.inductiveminer2.attributes.AttributeUtils.parseDoubleFast(Lorg/deckfour/xes/model/XAttribute;)D @ 8
Event: 83.209 Thread 0x000000004add3000 Uncommon trap: reason=class_check action=maybe_recompile pc=0x0000000003752194 method=org.processmining.plugins.inductiveminer2.attributes.AttributeImpl.getNumeric(Lorg/deckfour/xes/model/XAttributable;)D @ 66
Event: 83.209 Thread 0x000000004add3000 Uncommon trap: reason=class_check action=maybe_recompile pc=0x000000000350fb24 method=org.processmining.plugins.inductiveminer2.attributes.AttributeUtils.parseDoubleFast(Lorg/deckfour/xes/model/XAttribute;)D @ 8
Event: 83.210 Thread 0x000000004add3000 Uncommon trap: reason=class_check action=maybe_recompile pc=0x00000000039a3e38 method=org.processmining.plugins.inductiveminer2.attributes.AttributeImpl.getLiteral(Lorg/deckfour/xes/model/XAttributable;)Ljava/lang/String; @ 66
Event: 83.218 Thread 0x000000004add3000 Uncommon trap: reason=class_check action=maybe_recompile pc=0x00000000039a3e38 method=org.processmining.plugins.inductiveminer2.attributes.AttributeImpl.getLiteral(Lorg/deckfour/xes/model/XAttributable;)Ljava/lang/String; @ 66
Event: 83.251 Thread 0x000000004dc51000 Uncommon trap: reason=predicate action=maybe_recompile pc=0x0000000003d3e924 method=org.mapdb.Serializer.valueArraySerialize(Ljava/io/DataOutput;Ljava/lang/Object;)V @ 26
Event: 83.286 Thread 0x000000004dc51000 Uncommon trap: reason=array_check action=maybe_recompile pc=0x0000000002a26a24 method=java.util.Arrays.fill([Ljava/lang/Object;Ljava/lang/Object;)V @ 13

Classes redefined (0 events):
No events

Internal exceptions (10 events):
Event: 19.837 Thread 0x000000004adc8000 Implicit null exception at 0x00000000035c6c30 to 0x00000000035c6d09
Event: 19.837 Thread 0x000000004adc8000 Implicit null exception at 0x00000000030f32c4 to 0x00000000030f3359
Event: 20.322 Thread 0x0000000045414000 Implicit null exception at 0x000000000368e2b6 to 0x000000000368e5c9
Event: 20.642 Thread 0x000000004add3000 Implicit null exception at 0x0000000003853287 to 0x000000000385346d
Event: 20.642 Thread 0x000000004add3000 Implicit null exception at 0x00000000036781af to 0x00000000036782b5
Event: 21.489 Thread 0x00000000436a4000 Implicit null exception at 0x00000000038774c4 to 0x00000000038870a5
Event: 22.478 Thread 0x00000000436a4000 Implicit null exception at 0x000000000378078c to 0x000000000378125d
Event: 32.081 Thread 0x000000004add1800 Implicit null exception at 0x00000000033a5985 to 0x00000000033a72e9
Event: 54.189 Thread 0x000000004add1800 Implicit null exception at 0x00000000035471e0 to 0x0000000003547743
Event: 83.157 Thread 0x000000004dc51000 Implicit null exception at 0x00000000030f38f8 to 0x00000000030f39e1

Events (10 events):
Event: 83.247 Thread 0x000000004dc51000 DEOPT UNPACKING pc=0x00000000025e7890 sp=0x000000000089e8f0 mode 0
Event: 83.251 Thread 0x000000004dc51000 Uncommon trap: trap_request=0xffffff86 fr.pc=0x0000000003d3e924
Event: 83.251 Thread 0x000000004dc51000 DEOPT PACKING pc=0x0000000003d3e924 sp=0x000000000089ecd0
Event: 83.251 Thread 0x000000004dc51000 DEOPT UNPACKING pc=0x00000000025e583b sp=0x000000000089ec60 mode 2
Event: 83.265 Thread 0x000000004dc4b000 Thread exited: 0x000000004dc4b000
Event: 83.286 Executing VM operation: RevokeBias
Event: 83.286 Executing VM operation: RevokeBias done
Event: 83.286 Thread 0x000000004dc51000 Uncommon trap: trap_request=0xffffffd6 fr.pc=0x0000000002a26a24
Event: 83.286 Thread 0x000000004dc51000 DEOPT PACKING pc=0x0000000002a26a24 sp=0x000000000089efb0
Event: 83.286 Thread 0x000000004dc51000 DEOPT UNPACKING pc=0x00000000025e583b sp=0x000000000089ef58 mode 2


Dynamic libraries:
0x00007ff66c0b0000 - 0x00007ff66c0e7000 	C:\Users\jonas\ProM 6.10\jre8\bin\javaw.exe
0x00007ffbc8b70000 - 0x00007ffbc8d65000 	C:\Windows\SYSTEM32\ntdll.dll
0x00007ffbc6c40000 - 0x00007ffbc6cfd000 	C:\Windows\System32\KERNEL32.DLL
0x00007ffbc6300000 - 0x00007ffbc65c8000 	C:\Windows\System32\KERNELBASE.dll
0x00007ffbc79f0000 - 0x00007ffbc7a9c000 	C:\Windows\System32\ADVAPI32.dll
0x00007ffbc7100000 - 0x00007ffbc719e000 	C:\Windows\System32\msvcrt.dll
0x00007ffbc7aa0000 - 0x00007ffbc7b3b000 	C:\Windows\System32\sechost.dll
0x00007ffbc8370000 - 0x00007ffbc849b000 	C:\Windows\System32\RPCRT4.dll
0x00007ffbc7700000 - 0x00007ffbc78a0000 	C:\Windows\System32\USER32.dll
0x00007ffbc69f0000 - 0x00007ffbc6a12000 	C:\Windows\System32\win32u.dll
0x00007ffbc85d0000 - 0x00007ffbc85fa000 	C:\Windows\System32\GDI32.dll
0x00007ffbc65d0000 - 0x00007ffbc66db000 	C:\Windows\System32\gdi32full.dll
0x00007ffbc68a0000 - 0x00007ffbc693d000 	C:\Windows\System32\msvcp_win.dll
0x00007ffbc6a50000 - 0x00007ffbc6b50000 	C:\Windows\System32\ucrtbase.dll
0x00007ffbabc80000 - 0x00007ffbabf1a000 	C:\Windows\WinSxS\amd64_microsoft.windows.common-controls_6595b64144ccf1df_6.0.19041.844_none_ca00b6081b84eb1d\COMCTL32.dll
0x00007ffbc7950000 - 0x00007ffbc7980000 	C:\Windows\System32\IMM32.DLL
0x000000005a4a0000 - 0x000000005a572000 	C:\Users\jonas\ProM 6.10\jre8\bin\msvcr100.dll
0x0000000059c00000 - 0x000000005a49f000 	C:\Users\jonas\ProM 6.10\jre8\bin\server\jvm.dll
0x00007ffbc6c30000 - 0x00007ffbc6c38000 	C:\Windows\System32\PSAPI.DLL
0x00007ffbafc10000 - 0x00007ffbafc19000 	C:\Windows\SYSTEM32\WSOCK32.dll
0x00007ffbb2840000 - 0x00007ffbb2867000 	C:\Windows\SYSTEM32\WINMM.dll
0x00007ffbb6720000 - 0x00007ffbb672a000 	C:\Windows\SYSTEM32\VERSION.dll
0x00007ffbc7980000 - 0x00007ffbc79eb000 	C:\Windows\System32\WS2_32.dll
0x0000000059bf0000 - 0x0000000059bff000 	C:\Users\jonas\ProM 6.10\jre8\bin\verify.dll
0x0000000059bc0000 - 0x0000000059be9000 	C:\Users\jonas\ProM 6.10\jre8\bin\java.dll
0x0000000059ba0000 - 0x0000000059bb6000 	C:\Users\jonas\ProM 6.10\jre8\bin\zip.dll
0x00007ffbc7c20000 - 0x00007ffbc8362000 	C:\Windows\System32\SHELL32.dll
0x00007ffbc43f0000 - 0x00007ffbc4b81000 	C:\Windows\SYSTEM32\windows.storage.dll
0x00007ffbc6d00000 - 0x00007ffbc7055000 	C:\Windows\System32\combase.dll
0x00007ffbc5d20000 - 0x00007ffbc5d4c000 	C:\Windows\SYSTEM32\Wldp.dll
0x00007ffbc89c0000 - 0x00007ffbc8a6e000 	C:\Windows\System32\SHCORE.dll
0x00007ffbc8a70000 - 0x00007ffbc8ac5000 	C:\Windows\System32\shlwapi.dll
0x00007ffbc61f0000 - 0x00007ffbc620f000 	C:\Windows\SYSTEM32\profapi.dll
0x0000000059b80000 - 0x0000000059b9a000 	C:\Users\jonas\ProM 6.10\jre8\bin\net.dll
0x00007ffbc5a90000 - 0x00007ffbc5afa000 	C:\Windows\system32\mswsock.dll
0x00007ffbc5770000 - 0x00007ffbc583c000 	C:\Windows\SYSTEM32\DNSAPI.dll
0x00007ffbc5730000 - 0x00007ffbc576b000 	C:\Windows\SYSTEM32\IPHLPAPI.DLL
0x00007ffbc70e0000 - 0x00007ffbc70e8000 	C:\Windows\System32\NSI.dll
0x00007ffbbb490000 - 0x00007ffbbb49a000 	C:\Windows\System32\rasadhlp.dll
0x00007ffbb83e0000 - 0x00007ffbb845f000 	C:\Windows\System32\fwpuclnt.dll
0x00007ffbc6a20000 - 0x00007ffbc6a47000 	C:\Windows\System32\bcrypt.dll
0x00000000599e0000 - 0x0000000059b78000 	C:\Users\jonas\ProM 6.10\jre8\bin\awt.dll
0x00007ffbc71a0000 - 0x00007ffbc726d000 	C:\Windows\System32\OLEAUT32.dll
0x00007ffbbfaa0000 - 0x00007ffbbfb30000 	C:\Windows\SYSTEM32\apphelp.dll
0x00007ffbc5c60000 - 0x00007ffbc5c78000 	C:\Windows\SYSTEM32\CRYPTSP.dll
0x00007ffbc53c0000 - 0x00007ffbc53f4000 	C:\Windows\system32\rsaenh.dll
0x00007ffbc61b0000 - 0x00007ffbc61de000 	C:\Windows\SYSTEM32\USERENV.dll
0x00007ffbc6b50000 - 0x00007ffbc6bd0000 	C:\Windows\System32\bcryptprimitives.dll
0x00007ffbc5c80000 - 0x00007ffbc5c8c000 	C:\Windows\SYSTEM32\CRYPTBASE.dll
0x00007ffbbbc30000 - 0x00007ffbbbc47000 	C:\Windows\SYSTEM32\dhcpcsvc6.DLL
0x00007ffbbb7e0000 - 0x00007ffbbb7fd000 	C:\Windows\SYSTEM32\dhcpcsvc.DLL
0x00000000599c0000 - 0x00000000599d1000 	C:\Users\jonas\ProM 6.10\jre8\bin\nio.dll
0x00007ffbc0380000 - 0x00007ffbc041e000 	C:\Windows\system32\uxtheme.dll
0x00007ffbc88a0000 - 0x00007ffbc89b5000 	C:\Windows\System32\MSCTF.dll
0x00007ffbc84a0000 - 0x00007ffbc85ca000 	C:\Windows\System32\ole32.dll
0x00007ffbc4220000 - 0x00007ffbc4232000 	C:\Windows\SYSTEM32\kernel.appcore.dll
0x00007ffb9c0c0000 - 0x00007ffb9c1e6000 	C:\Windows\system32\opengl32.dll
0x00007ffb9c090000 - 0x00007ffb9c0bc000 	C:\Windows\SYSTEM32\GLU32.dll
0x00007ffbc3da0000 - 0x00007ffbc3dcf000 	C:\Windows\system32\DWMAPI.DLL
0x0000000059980000 - 0x00000000599b1000 	C:\Users\jonas\ProM 6.10\jre8\bin\jpeg.dll
0x00007ffbc78a0000 - 0x00007ffbc7949000 	C:\Windows\System32\clbcatq.dll
0x00007ffb42b50000 - 0x00007ffb43b22000 	C:\Windows\System32\DriverStore\FileRepository\iigd_dch.inf_amd64_c0d80a866e0b1dc6\ig9icd64.dll
0x00007ffbc4bf0000 - 0x00007ffbc4ce3000 	C:\Windows\system32\dxgi.dll
0x00007ffbb64b0000 - 0x00007ffbb6708000 	C:\Windows\System32\DriverStore\FileRepository\iigd_dch.inf_amd64_c0d80a866e0b1dc6\igdgmm64.dll
0x00007ffbb37d0000 - 0x00007ffbb64b0000 	C:\Windows\System32\DriverStore\FileRepository\iigd_dch.inf_amd64_c0d80a866e0b1dc6\igc64.dll
0x00007ffbc58a0000 - 0x00007ffbc58eb000 	C:\Windows\SYSTEM32\powrprof.dll
0x00007ffbc5710000 - 0x00007ffbc5722000 	C:\Windows\SYSTEM32\UMPDC.dll
0x00007ffb64750000 - 0x00007ffb64b6a000 	C:\Windows\System32\DriverStore\FileRepository\iigd_dch.inf_amd64_c0d80a866e0b1dc6\igdml64.dll
0x0000000059950000 - 0x000000005997a000 	C:\Users\jonas\ProM 6.10\jre8\bin\dcpr.dll
0x0000000059900000 - 0x0000000059947000 	C:\Users\jonas\ProM 6.10\jre8\bin\fontmanager.dll
0x00000000598b0000 - 0x00000000598f2000 	C:\Users\jonas\ProM 6.10\jre8\bin\t2k.dll
0x0000000059870000 - 0x00000000598ae000 	C:\Users\jonas\ProM 6.10\jre8\bin\lcms.dll
0x00007ffba1900000 - 0x00007ffba19f9000 	C:\Windows\SYSTEM32\textinputframework.dll
0x00007ffbbf080000 - 0x00007ffbbf172000 	C:\Windows\System32\CoreMessaging.dll
0x00007ffbbe950000 - 0x00007ffbbecae000 	C:\Windows\System32\CoreUIComponents.dll
0x00007ffbc4ff0000 - 0x00007ffbc5023000 	C:\Windows\SYSTEM32\ntmarta.dll
0x00007ffbbf2b0000 - 0x00007ffbbf404000 	C:\Windows\SYSTEM32\wintypes.dll
0x00007ffbbc5f0000 - 0x00007ffbbc7a4000 	C:\Windows\SYSTEM32\WindowsCodecs.dll
0x00007ffb8ba50000 - 0x00007ffb8bb00000 	C:\Windows\WinSxS\amd64_microsoft.windows.common-controls_6595b64144ccf1df_5.82.19041.844_none_423537bff6b9828c\comctl32.dll
0x00007ffbc62b0000 - 0x00007ffbc62fe000 	C:\Windows\System32\CFGMGR32.dll
0x00007ffbbfe70000 - 0x00007ffbbff67000 	C:\Windows\system32\propsys.dll
0x00007ffb9fd10000 - 0x00007ffb9fd2d000 	C:\Windows\SYSTEM32\MPR.dll
0x00007ffbbfa20000 - 0x00007ffbbfa2b000 	C:\Windows\System32\drprov.dll
0x00007ffbc50a0000 - 0x00007ffbc50fa000 	C:\Windows\System32\WINSTA.dll
0x00007ffba3e00000 - 0x00007ffba3e18000 	C:\Windows\System32\ntlanman.dll
0x00007ffba3de0000 - 0x00007ffba3dfe000 	C:\Windows\System32\davclnt.dll
0x00007ffbbfa10000 - 0x00007ffbbfa1d000 	C:\Windows\System32\DAVHLPR.dll
0x00007ffbc54e0000 - 0x00007ffbc54f7000 	C:\Windows\System32\wkscli.dll
0x00007ffba1030000 - 0x00007ffba1042000 	C:\Windows\SYSTEM32\cscapi.dll
0x00007ffbc5840000 - 0x00007ffbc584c000 	C:\Windows\System32\netutils.dll
0x00007ffbb0d80000 - 0x00007ffbb0da0000 	C:\Windows\System32\DevDispItemProvider.dll
0x00007ffb95f60000 - 0x00007ffb95f6d000 	C:\Windows\SYSTEM32\LINKINFO.dll
0x00000000637c0000 - 0x00000000637cd000 	C:\Users\jonas\AppData\Local\Temp\jogamp_0000\file_cache\jln4831317834938575550\jln1238759596504648057\natives\windows-amd64\gluegen-rt.dll
0x0000000059860000 - 0x0000000059867000 	C:\Users\jonas\ProM 6.10\jre8\bin\jawt.dll
0x000000006a440000 - 0x000000006a44d000 	C:\Users\jonas\AppData\Local\Temp\jogamp_0000\file_cache\jln4831317834938575550\jln1238759596504648057\natives\windows-amd64\nativewindow_awt.dll
0x000000006c100000 - 0x000000006c10f000 	C:\Users\jonas\AppData\Local\Temp\jogamp_0000\file_cache\jln4831317834938575550\jln1238759596504648057\natives\windows-amd64\nativewindow_win32.dll
0x0000000064500000 - 0x00000000645b1000 	C:\Users\jonas\AppData\Local\Temp\jogamp_0000\file_cache\jln4831317834938575550\jln1238759596504648057\natives\windows-amd64\jogl_desktop.dll
0x00007ffb80b70000 - 0x00007ffb80ddf000 	C:\Users\jonas\anaconda3\Library\bin\libGLESv2.dll
0x00007ffba3d90000 - 0x00007ffba3da6000 	C:\Users\jonas\ProM 6.10\jre8\bin\VCRUNTIME140.dll
0x00007ffba25a0000 - 0x00007ffba263c000 	C:\Users\jonas\ProM 6.10\jre8\bin\MSVCP140.dll
0x00007ffb74390000 - 0x00007ffb7455e000 	C:\Windows\SYSTEM32\d3d9.dll
0x00007ffbabc70000 - 0x00007ffbabc78000 	C:\Users\jonas\anaconda3\Library\bin\libEGL.dll
0x0000000064340000 - 0x00000000643a2000 	C:\Users\jonas\AppData\Local\Temp\jogamp_0000\file_cache\jln4831317834938575550\jln1238759596504648057\natives\windows-amd64\jogl_mobile.dll
0x0000000180000000 - 0x000000018009e000 	C:\Users\jonas\.ProM\packages\lpsolve-5.5.4\lib\win64\lpsolve55.dll
0x0000000052450000 - 0x0000000052475000 	C:\Users\jonas\.ProM\packages\lpsolve-5.5.4\lib\win64\lpsolve55j.dll
0x00000000524a0000 - 0x00000000524bb000 	C:\Users\jonas\.ProM\packages\lpsolve-5.5.4\lib\win64\bfp_etaPFI.DLL
0x00007ffbb83a0000 - 0x00007ffbb83db000 	C:\Windows\SYSTEM32\dxcore.dll

VM Arguments:
jvm_args: -ea -Xmx20G -Djava.library.path=.//lib -Dsun.java2d.opengl=true -Dfile.encoding=Cp1252 
java_command: org.processmining.contexts.uitopia.UI
java_class_path (initial): C:\Users\jonas\eclipse-workspace\InductiveVisualMiner\bin;C:\Users\jonas\.ivy2\cache\org.jblas\jblas\jars\jblas-1.2.4.jar;C:\Users\jonas\.ivy2\cache\net.sourceforge.jexcelapi\jxl\jars\jxl-2.6.jar;C:\Users\jonas\.ivy2\cache\prom\ProM-Plugins\jars\ProM-Plugins-latest.jar;C:\Users\jonas\.ivy2\cache\prom\ProM-Contexts\jars\ProM-Contexts-latest.jar;C:\Users\jonas\.ivy2\cache\prom-libs\guava\jars\guava-16.0.1.jar;C:\Users\jonas\.ivy2\cache\junit\junit\jars\junit-4.12.jar;C:\Users\jonas\.ivy2\cache\prom-libs\bsh\jars\bsh-2.0b4.jar;C:\Users\jonas\.ivy2\cache\prom-libs\Spex\jars\Spex-1.1.jar;C:\Users\jonas\.ivy2\cache\prom-libs\Uitopia\jars\Uitopia-0.6-20190913.jar;C:\Users\jonas\.ivy2\cache\prom-libs\UITopiaResources\jars\UITopiaResources-0.6-20190913.jar;C:\Users\jonas\.ivy2\cache\prom\ProM-Framework\jars\ProM-Framework-latest.jar;C:\Users\jonas\.ivy2\cache\org.apache.commons\commons-compress\jars\commons-compress-1.13.jar;C:\Users\jonas\.ivy2\cache\commons-logging\commons-logging\jars\commons-logging-1.1.3.jar;C:\Users\jonas\.ivy2\cache\prom-libs\jgraph\jars\jgraph-5.13.0.4.jar;C:\Users\jonas\.ivy2\cache\com.brsanthu\google-analytics-java\jars\google-analytics-java-1.1.2.jar;C:\Users\jonas\.ivy2\cache\org.apache.httpcomponents\httpclient\jars\httpclient-4.5.3.jar;C:\Users\jonas\.ivy2\cache\org.apache.httpcomponents\httpcore\jars\httpcore-4.4.6.jar;C:\Users\jonas\.ivy2\cache\org.apache.logging.log4j\log4j-api\jars\log4j-api-2.8.1.jar;C:\Users\jonas\.ivy2\cache\org.apache.logging.log4j\log4j-core\jars\log4j-core-2.8.1.jar;C:\Users\jonas\.ivy2\cache\org.apache.logging.log4j\log4j-slf4j-impl\jars\log4j-slf4j-impl-2.8.1.jar;C:\Users\jonas\.ivy2\cache\prom-libs\jargs\jars\jargs-latest.jar;C:\Users\jonas\.ivy2\cache\tablelayout\TableLayout\jars\TableLayout-20050920.jar;C:\Users\jonas\.ivy2\cache\org.slf4j\slf4j-api\jars\slf4j-api-1.7.25.jar;C:\Users\jonas\.ivy2\cache\prom-libs\slickerbox\jars\slickerbox-1.0rc1.jar;C:\Users\jonas\.ivy2\cache\prom\ProM
Launcher Type: SUN_STANDARD

Environment Variables:
PATH=C:/Users/jonas/.p2/pool/plugins/org.eclipse.justj.openjdk.hotspot.jre.full.win32.x86_64_14.0.2.v20200815-0932/jre/bin/server;C:/Users/jonas/.p2/pool/plugins/org.eclipse.justj.openjdk.hotspot.jre.full.win32.x86_64_14.0.2.v20200815-0932/jre/bin;C:\Program Files\AdoptOpenJDK\jdk-11.0.10.9-hotspot\bin;C:\Program Files (x86)\Common Files\Oracle\Java\javapath;C:\Program Files (x86)\VMware\VMware Player\bin\;C:\Windows\system32;C:\Windows;C:\Windows\System32\Wbem;C:\Windows\System32\WindowsPowerShell\v1.0\;C:\Windows\System32\OpenSSH\;C:\Users\jonas\AppData\Local\Programs\Python\Python39\;C:\Users\jonas\AppData\Local\Programs\Python\Python39\Scripts\;C:\Program Files\Git\cmd;C:\Program Files\PostgreSQL\13\bin;C:\Program Files\PuTTY\;C:\Program Files\TortoiseSVN\bin;C:\Program Files\Graphviz\bin;C:\Users\jonas\anaconda3;C:\Users\jonas\anaconda3\Library\mingw-w64\bin;C:\Users\jonas\anaconda3\Library\usr\bin;C:\Users\jonas\anaconda3\Library\bin;C:\Users\jonas\anaconda3\Scripts;C:\Users\jonas\AppData\Local\Microsoft\WindowsApps;C:\Program Files\JetBrains\PyCharm 2020.2.3\bin;;C:\Users\jonas\AppData\Local\Programs\Python\Python39\;C:\Users\jonas\AppData\Local\Programs\Python\Python39\Scripts\;C:\Program Files\PostgreSQL\13\bin;C:\Users\jonas\AppData\Local\Google\Cloud SDK\google-cloud-sdk\bin;C:\Users\jonas\AppData\Local\Programs\Microsoft VS Code\bin;C:\Windows\system32;
USERNAME=jonas
OS=Windows_NT
PROCESSOR_IDENTIFIER=Intel64 Family 6 Model 142 Stepping 12, GenuineIntel



---------------  S Y S T E M  ---------------

OS: Windows 10.0 , 64 bit Build 19041 (10.0.19041.928)

CPU:total 8 (initial active 8) (4 cores per cpu, 2 threads per core) family 6 model 142 stepping 12, cmov, cx8, fxsr, mmx, sse, sse2, sse3, ssse3, sse4.1, sse4.2, popcnt, avx, avx2, aes, clmul, erms, 3dnowpref, lzcnt, ht, tsc, tscinvbit, bmi1, bmi2, adx

Memory: 4k page, physical 16560184k(5685168k free), swap 43823160k(27012824k free)

vm_info: Java HotSpot(TM) 64-Bit Server VM (25.161-b12) for windows-amd64 JRE (1.8.0_161-b12), built on Dec 19 2017 17:52:25 by "java_re" with MS VC++ 10.0 (VS2010)

time: Fri May 07 13:30:57 2021
elapsed time: 83 seconds (0d 0h 1m 23s)

