#
# A fatal error has been detected by the Java Runtime Environment:
#
#  EXCEPTION_ACCESS_VIOLATION (0xc0000005) at pc=0x0000000004226fda, pid=21396, tid=0x00000000000041a8
#
# JRE version: Java(TM) SE Runtime Environment (8.0_161-b12) (build 1.8.0_161-b12)
# Java VM: Java HotSpot(TM) 64-Bit Server VM (25.161-b12 mixed mode windows-amd64 compressed oops)
# Problematic frame:
# J 6642 C2 org.mapdb.StoreCached.get2(JLorg/mapdb/Serializer;)Ljava/lang/Object; (45 bytes) @ 0x0000000004226fda [0x0000000004226ca0+0x33a]
#
# Failed to write core dump. Minidumps are not enabled by default on client versions of Windows
#
# If you would like to submit a bug report, please visit:
#   http://bugreport.java.com/bugreport/crash.jsp
#

---------------  T H R E A D  ---------------

Current thread (0x000000004f469000):  JavaThread "ivm-thread-eventdataanalysis-3" [_thread_in_Java, id=16808, stack(0x0000000061440000,0x0000000061540000)]

siginfo: ExceptionCode=0xc0000005, reading address 0x0000000051de9f50

Registers:
RAX=0xcfa3cfa3cf9f9f50, RBX=0x000000000000000f, RCX=0x0000000000000016, RDX=0x0000000000079f50
RSP=0x000000006153f070, RBP=0x0000000000000000, RSI=0x0000000000000000, RDI=0x0000000000000001
R8 =0x0000000051d70000, R9 =0x0000000051d70000, R10=0x0000000000079f50, R11=0x0000000000000000
R12=0x0000000000000000, R13=0x00000002c1d1e768, R14=0x00000002c1c1e648, R15=0x000000004f469000
RIP=0x0000000004226fda, EFLAGS=0x0000000000010212

Top of Stack: (sp=0x000000006153f070)
0x000000006153f070:   00000002c1c1e7c0 0000000300000001
0x000000006153f080:   00000002c2c27e58 000000069e6c8b90
0x000000006153f090:   00000000010c2580 00000002c1c1e648
0x000000006153f0a0:   00000002c1c1e7c0 cfa419c300000000
0x000000006153f0b0:   d3cd917200000000 0000000000000000
0x000000006153f0c0:   000000006153f108 000000005e7950f0
0x000000006153f0d0:   0000000058383cf8 00000000044a96f0
0x000000006153f0e0:   00000002c2781708 00000002d114da20
0x000000006153f0f0:   00000002c0029b48 0000000258584fcb
0x000000006153f100:   000000000000e3df 00000002c1c1e648
0x000000006153f110:   00000002c1c1e7b0 000000069e6c8a08
0x000000006153f120:   00000002c1c1e7c0 00000002c047bc70
0x000000006153f130:   000000000000007f cfa419c300000102
0x000000006153f140:   0000000000000000 00000002c0029b48
0x000000006153f150:   000000006153f170 0000000000000206
0x000000006153f160:   00000002c1e31908 0000000004b79f38 

Instructions: (pc=0x0000000004226fda)
0x0000000004226fba:   45 8b 5a 1c 45 2b d8 41 83 fb 08 0f 8c f6 06 00
0x0000000004226fca:   00 4d 8b 4a 10 45 0f b6 5a 2a 4d 63 d0 4d 8b c1
0x0000000004226fda:   4f 8b 14 10 45 85 db 0f 85 06 07 00 00 49 0f ca
0x0000000004226fea:   4d 85 d2 0f 84 22 07 00 00 f3 4d 0f b8 c2 45 8b 


Register to memory mapping:

RAX=0xcfa3cfa3cf9f9f50 is an unknown value
RBX=0x000000000000000f is an unknown value
RCX=0x0000000000000016 is an unknown value
RDX=0x0000000000079f50 is an unknown value
RSP=0x000000006153f070 is pointing into the stack for thread: 0x000000004f469000
RBP=0x0000000000000000 is an unknown value
RSI=0x0000000000000000 is an unknown value
RDI=0x0000000000000001 is an unknown value
R8 =0x0000000051d70000 is pointing into the stack for thread: 0x000000004dec9000
R9 =0x0000000051d70000 is pointing into the stack for thread: 0x000000004dec9000
R10=0x0000000000079f50 is an unknown value
R11=0x0000000000000000 is an unknown value
R12=0x0000000000000000 is an unknown value
R13=0x00000002c1d1e768 is an oop
[J 
 - klass: {type array long}
 - length: 8192
R14=0x00000002c1c1e648 is an oop
org.mapdb.StoreCached 
 - klass: 'org/mapdb/StoreCached'
R15=0x000000004f469000 is a thread


Stack: [0x0000000061440000,0x0000000061540000],  sp=0x000000006153f070,  free space=1020k
Native frames: (J=compiled Java code, j=interpreted, Vv=VM code, C=native code)


---------------  P R O C E S S  ---------------

Java Threads: ( => current thread )
  0x000000004c4b5800 JavaThread "Thread-43" daemon [_thread_in_native, id=15380, stack(0x000000005e340000,0x000000005e440000)]
  0x000000004c4bb000 JavaThread "MapDB shutdown hook" [_thread_in_native, id=4628, stack(0x000000005de40000,0x000000005df40000)]
  0x000000004c4bc800 JavaThread "ivm-thread-eventdataanalysis-6" [_thread_in_Java, id=6276, stack(0x0000000061840000,0x0000000061940000)]
  0x000000004f468000 JavaThread "ivm-thread-eventdataanalysis-5" [_thread_in_Java, id=24376, stack(0x0000000061740000,0x0000000061840000)]
  0x000000004f466800 JavaThread "ivm-thread-eventdataanalysis-4" [_thread_in_Java, id=1436, stack(0x0000000061540000,0x0000000061640000)]
=>0x000000004f469000 JavaThread "ivm-thread-eventdataanalysis-3" [_thread_in_Java, id=16808, stack(0x0000000061440000,0x0000000061540000)]
  0x000000004f45f000 JavaThread "ivm-thread-eventdataanalysis-2" [_thread_in_Java, id=12644, stack(0x0000000060560000,0x0000000060660000)]
  0x000000004f465800 JavaThread "ivm-thread-eventdataanalysis-1" [_thread_in_Java, id=2472, stack(0x0000000060460000,0x0000000060560000)]
  0x000000004f45e000 JavaThread "ivm-thread-eventdataanalysis-0" [_thread_in_Java, id=4208, stack(0x0000000060140000,0x0000000060240000)]
  0x000000004f45d800 JavaThread "pool-1-thread-22" [_thread_blocked, id=12568, stack(0x000000005f840000,0x000000005f940000)]
  0x000000004f461000 JavaThread "pool-1-thread-21" [_thread_blocked, id=2432, stack(0x000000005f740000,0x000000005f840000)]
  0x000000004c4b8000 JavaThread "pool-1-thread-20" [_thread_blocked, id=14548, stack(0x0000000061a40000,0x0000000061b40000)]
  0x000000004f467800 JavaThread "pool-1-thread-19" [_thread_blocked, id=19488, stack(0x0000000061e60000,0x0000000061f60000)]
  0x000000004f45b000 JavaThread "pool-1-thread-18" [_thread_blocked, id=20020, stack(0x000000005f640000,0x000000005f740000)]
  0x000000004f45f800 JavaThread "pool-1-thread-17" [_thread_blocked, id=4420, stack(0x000000005f540000,0x000000005f640000)]
  0x000000004c49b000 JavaThread "pool-1-thread-16" [_thread_blocked, id=21456, stack(0x0000000060c40000,0x0000000060d40000)]
  0x000000004c499800 JavaThread "pool-1-thread-15" [_thread_blocked, id=19616, stack(0x0000000060b40000,0x0000000060c40000)]
  0x000000004c49c800 JavaThread "pool-1-thread-14" [_thread_blocked, id=20608, stack(0x0000000060a40000,0x0000000060b40000)]
  0x000000004c49a800 JavaThread "pool-1-thread-13" [_thread_blocked, id=19764, stack(0x0000000060940000,0x0000000060a40000)]
  0x000000004c48f000 JavaThread "pool-1-thread-12" [_thread_blocked, id=19124, stack(0x0000000060840000,0x0000000060940000)]
  0x000000004c496000 JavaThread "pool-1-thread-11" [_thread_blocked, id=20368, stack(0x0000000060740000,0x0000000060840000)]
  0x000000004683c000 JavaThread "pool-1-thread-10" [_thread_blocked, id=26052, stack(0x000000005f240000,0x000000005f340000)]
  0x0000000046833800 JavaThread "pool-1-thread-9" [_thread_blocked, id=3428, stack(0x000000005f140000,0x000000005f240000)]
  0x000000004683a800 JavaThread "pool-1-thread-8" [_thread_blocked, id=21644, stack(0x000000005f040000,0x000000005f140000)]
  0x0000000046837800 JavaThread "pool-1-thread-7" [_thread_blocked, id=25172, stack(0x000000005e540000,0x000000005e640000)]
  0x0000000046836000 JavaThread "pool-1-thread-6" [_thread_blocked, id=17032, stack(0x000000005e440000,0x000000005e540000)]
  0x0000000046834800 JavaThread "pool-1-thread-5" [_thread_blocked, id=15852, stack(0x0000000001360000,0x0000000001460000)]
  0x000000004ded2800 JavaThread "pool-1-thread-3" [_thread_blocked, id=16508, stack(0x000000005dd40000,0x000000005de40000)]
  0x000000004ded2000 JavaThread "pool-1-thread-2" [_thread_blocked, id=22512, stack(0x000000005dc40000,0x000000005dd40000)]
  0x000000004ded1000 JavaThread "IvM chain thread" [_thread_blocked, id=14096, stack(0x000000005d940000,0x000000005da40000)]
  0x000000004dec9800 JavaThread "IvM rendering thread" [_thread_blocked, id=16296, stack(0x0000000059250000,0x0000000059350000)]
  0x000000004decc800 JavaThread "SwingWorker-pool-5-thread-1" daemon [_thread_blocked, id=8136, stack(0x0000000052170000,0x0000000052270000)]
  0x000000004dec9000 JavaThread "XESLiteDB-0-Worker-Thread-3" daemon [_thread_blocked, id=14456, stack(0x0000000051c70000,0x0000000051d70000)]
  0x000000004decf800 JavaThread "XESLiteDB-0-Worker-Thread-2" daemon [_thread_blocked, id=9760, stack(0x0000000051b70000,0x0000000051c70000)]
  0x000000004decb000 JavaThread "XESLiteDB-0-Worker-Thread-1" daemon [_thread_blocked, id=9668, stack(0x0000000051a70000,0x0000000051b70000)]
  0x000000004deca800 JavaThread "XESLiteDB-0-Worker-Thread-0" daemon [_thread_blocked, id=20324, stack(0x0000000051970000,0x0000000051a70000)]
  0x000000004decf000 JavaThread "pool-1-thread-1" [_thread_blocked, id=23156, stack(0x0000000051570000,0x0000000051670000)]
  0x000000004decc000 JavaThread "DestroyJavaVM" [_thread_blocked, id=12828, stack(0x0000000002f90000,0x0000000003090000)]
  0x00000000442a1800 JavaThread "Java2D Queue Flusher" daemon [_thread_blocked, id=23524, stack(0x000000004a3f0000,0x000000004a4f0000)]
  0x000000004429f800 JavaThread "TimerQueue" daemon [_thread_blocked, id=9948, stack(0x0000000049ff0000,0x000000004a0f0000)]
  0x000000004429e800 JavaThread "AWT-EventQueue-0" [_thread_blocked, id=13820, stack(0x00000000492f0000,0x00000000493f0000)]
  0x000000004429e000 JavaThread "AWT-Shutdown" [_thread_blocked, id=26392, stack(0x0000000047be0000,0x0000000047ce0000)]
  0x00000000442a3000 JavaThread "Java2D Disposer" daemon [_thread_blocked, id=7572, stack(0x0000000047d20000,0x0000000047e20000)]
  0x000000004431c800 JavaThread "Service Thread" daemon [_thread_blocked, id=2292, stack(0x0000000044e80000,0x0000000044f80000)]
  0x00000000442a2800 JavaThread "C1 CompilerThread3" daemon [_thread_blocked, id=16408, stack(0x0000000044d80000,0x0000000044e80000)]
  0x0000000044296800 JavaThread "C2 CompilerThread2" daemon [_thread_blocked, id=18296, stack(0x0000000044c80000,0x0000000044d80000)]
  0x0000000044288000 JavaThread "C2 CompilerThread1" daemon [_thread_blocked, id=12916, stack(0x0000000044b80000,0x0000000044c80000)]
  0x0000000044286000 JavaThread "C2 CompilerThread0" daemon [_thread_blocked, id=4684, stack(0x0000000044a80000,0x0000000044b80000)]
  0x0000000044284000 JavaThread "Attach Listener" daemon [_thread_blocked, id=22500, stack(0x0000000044980000,0x0000000044a80000)]
  0x000000004239e800 JavaThread "Signal Dispatcher" daemon [_thread_blocked, id=3020, stack(0x0000000044880000,0x0000000044980000)]
  0x0000000044270800 JavaThread "Finalizer" daemon [_thread_blocked, id=22112, stack(0x0000000044650000,0x0000000044750000)]
  0x000000004238f000 JavaThread "Reference Handler" daemon [_thread_blocked, id=10348, stack(0x0000000044150000,0x0000000044250000)]

Other Threads:
  0x0000000042388800 VMThread [stack: 0x0000000044050000,0x0000000044150000] [id=19872]
  0x000000004435f000 WatcherThread [stack: 0x0000000044f80000,0x0000000045080000] [id=11696]

VM state:not at safepoint (normal execution)

VM Mutex/Monitor currently owned by a thread: None

Heap:
 PSYoungGen      total 5371392K, used 2297672K [0x0000000615580000, 0x000000076b100000, 0x00000007c0000000)
  eden space 5274112K, 43% used [0x0000000615580000,0x00000006a15ec778,0x0000000757400000)
  from space 97280K, 3% used [0x0000000765200000,0x0000000765565950,0x000000076b100000)
  to   space 162304K, 0% used [0x0000000757400000,0x0000000757400000,0x0000000761280000)
 ParOldGen       total 424448K, used 321313K [0x00000002c0000000, 0x00000002d9e80000, 0x0000000615580000)
  object space 424448K, 75% used [0x00000002c0000000,0x00000002d39c8458,0x00000002d9e80000)
 Metaspace       used 55833K, capacity 56272K, committed 56792K, reserved 1097728K
  class space    used 7955K, capacity 8094K, committed 8192K, reserved 1048576K

Card table byte_map: [0x0000000012550000,0x0000000014d60000] byte_map_base: 0x0000000010f50000

Marking Bits: (ParMarkBitMap*) 0x00000000722af860
 Begin Bits: [0x0000000017010000, 0x000000002b010000)
 End Bits:   [0x000000002b010000, 0x000000003f010000)

Polling page: 0x0000000001610000

CodeCache: size=245760Kb used=27180Kb max_used=27191Kb free=218579Kb
 bounds [0x0000000003190000, 0x0000000004c60000, 0x0000000012190000]
 total_blobs=8495 nmethods=7391 adapters=1014
 compilation: enabled

Compilation events (10 events):
Event: 105.073 Thread 0x00000000442a2800 9952       3       sun.nio.cs.UTF_8::access$200 (8 bytes)
Event: 105.073 Thread 0x00000000442a2800 nmethod 9952 0x00000000039c1c10 code [0x00000000039c1da0, 0x00000000039c2238]
Event: 105.073 Thread 0x00000000442a2800 9953       3       sun.nio.cs.UTF_8::updatePositions (23 bytes)
Event: 105.073 Thread 0x00000000442a2800 nmethod 9953 0x0000000003e98d50 code [0x0000000003e98ee0, 0x0000000003e99318]
Event: 105.078 Thread 0x00000000442a2800 9954       3       java.util.logging.LogManager$LoggerContext::ensureDefaultLogger (70 bytes)
Event: 105.079 Thread 0x00000000442a2800 nmethod 9954 0x0000000003ec6ad0 code [0x0000000003ec6c80, 0x0000000003ec7528]
Event: 105.089 Thread 0x0000000044288000 9955       4       java.lang.String::equalsIgnoreCase (48 bytes)
Event: 105.090 Thread 0x0000000044288000 nmethod 9955 0x0000000004490b90 code [0x0000000004490ce0, 0x0000000004490dc8]
Event: 105.094 Thread 0x0000000044296800 9956       4       java.nio.Bits::byteOrder (20 bytes)
Event: 105.095 Thread 0x0000000044296800 nmethod 9956 0x00000000049c4d90 code [0x00000000049c4ec0, 0x00000000049c4f18]

GC Heap History (10 events):
Event: 97.635 GC heap before
{Heap before GC invocations=45 (full 3):
 PSYoungGen      total 4049408K, used 3922191K [0x0000000615580000, 0x0000000737780000, 0x00000007c0000000)
  eden space 3876864K, 100% used [0x0000000615580000,0x0000000701f80000,0x0000000701f80000)
  from space 172544K, 26% used [0x0000000701f80000,0x0000000704bc3d60,0x000000070c800000)
  to   space 168448K, 0% used [0x000000072d300000,0x000000072d300000,0x0000000737780000)
 ParOldGen       total 424448K, used 277685K [0x00000002c0000000, 0x00000002d9e80000, 0x0000000615580000)
  object space 424448K, 65% used [0x00000002c0000000,0x00000002d0f2d550,0x00000002d9e80000)
 Metaspace       used 55649K, capacity 55984K, committed 56408K, reserved 1097728K
  class space    used 7941K, capacity 8062K, committed 8064K, reserved 1048576K
Event: 97.657 GC heap after
Heap after GC invocations=45 (full 3):
 PSYoungGen      total 4534784K, used 23233K [0x0000000615580000, 0x0000000735e80000, 0x00000007c0000000)
  eden space 4391936K, 0% used [0x0000000615580000,0x0000000615580000,0x0000000721680000)
  from space 142848K, 16% used [0x000000072d300000,0x000000072e9b0510,0x0000000735e80000)
  to   space 167936K, 0% used [0x0000000721680000,0x0000000721680000,0x000000072ba80000)
 ParOldGen       total 424448K, used 300589K [0x00000002c0000000, 0x00000002d9e80000, 0x0000000615580000)
  object space 424448K, 70% used [0x00000002c0000000,0x00000002d258b560,0x00000002d9e80000)
 Metaspace       used 55649K, capacity 55984K, committed 56408K, reserved 1097728K
  class space    used 7941K, capacity 8062K, committed 8064K, reserved 1048576K
}
Event: 99.187 GC heap before
{Heap before GC invocations=46 (full 3):
 PSYoungGen      total 4534784K, used 4415169K [0x0000000615580000, 0x0000000735e80000, 0x00000007c0000000)
  eden space 4391936K, 100% used [0x0000000615580000,0x0000000721680000,0x0000000721680000)
  from space 142848K, 16% used [0x000000072d300000,0x000000072e9b0510,0x0000000735e80000)
  to   space 167936K, 0% used [0x0000000721680000,0x0000000721680000,0x000000072ba80000)
 ParOldGen       total 424448K, used 300589K [0x00000002c0000000, 0x00000002d9e80000, 0x0000000615580000)
  object space 424448K, 70% used [0x00000002c0000000,0x00000002d258b560,0x00000002d9e80000)
 Metaspace       used 55658K, capacity 55984K, committed 56408K, reserved 1097728K
  class space    used 7941K, capacity 8062K, committed 8064K, reserved 1048576K
Event: 99.198 GC heap after
Heap after GC invocations=46 (full 3):
 PSYoungGen      total 4559872K, used 22107K [0x0000000615580000, 0x0000000756180000, 0x00000007c0000000)
  eden space 4391936K, 0% used [0x0000000615580000,0x0000000615580000,0x0000000721680000)
  from space 167936K, 13% used [0x0000000721680000,0x0000000722c16e78,0x000000072ba80000)
  to   space 165888K, 0% used [0x000000074bf80000,0x000000074bf80000,0x0000000756180000)
 ParOldGen       total 424448K, used 302663K [0x00000002c0000000, 0x00000002d9e80000, 0x0000000615580000)
  object space 424448K, 71% used [0x00000002c0000000,0x00000002d2791c98,0x00000002d9e80000)
 Metaspace       used 55658K, capacity 55984K, committed 56408K, reserved 1097728K
  class space    used 7941K, capacity 8062K, committed 8064K, reserved 1048576K
}
Event: 100.703 GC heap before
{Heap before GC invocations=47 (full 3):
 PSYoungGen      total 4559872K, used 4414043K [0x0000000615580000, 0x0000000756180000, 0x00000007c0000000)
  eden space 4391936K, 100% used [0x0000000615580000,0x0000000721680000,0x0000000721680000)
  from space 167936K, 13% used [0x0000000721680000,0x0000000722c16e78,0x000000072ba80000)
  to   space 165888K, 0% used [0x000000074bf80000,0x000000074bf80000,0x0000000756180000)
 ParOldGen       total 424448K, used 302663K [0x00000002c0000000, 0x00000002d9e80000, 0x0000000615580000)
  object space 424448K, 71% used [0x00000002c0000000,0x00000002d2791c98,0x00000002d9e80000)
 Metaspace       used 55658K, capacity 55984K, committed 56408K, reserved 1097728K
  class space    used 7941K, capacity 8062K, committed 8064K, reserved 1048576K
Event: 100.711 GC heap after
Heap after GC invocations=47 (full 3):
 PSYoungGen      total 4985856K, used 3771K [0x0000000615580000, 0x0000000752f80000, 0x00000007c0000000)
  eden space 4871168K, 0% used [0x0000000615580000,0x0000000615580000,0x000000073ea80000)
  from space 114688K, 3% used [0x000000074bf80000,0x000000074c32ecd8,0x0000000752f80000)
  to   space 166400K, 0% used [0x000000073ea80000,0x000000073ea80000,0x0000000748d00000)
 ParOldGen       total 424448K, used 321281K [0x00000002c0000000, 0x00000002d9e80000, 0x0000000615580000)
  object space 424448K, 75% used [0x00000002c0000000,0x00000002d39c0458,0x00000002d9e80000)
 Metaspace       used 55658K, capacity 55984K, committed 56408K, reserved 1097728K
  class space    used 7941K, capacity 8062K, committed 8064K, reserved 1048576K
}
Event: 102.119 GC heap before
{Heap before GC invocations=48 (full 3):
 PSYoungGen      total 4985856K, used 4874939K [0x0000000615580000, 0x0000000752f80000, 0x00000007c0000000)
  eden space 4871168K, 100% used [0x0000000615580000,0x000000073ea80000,0x000000073ea80000)
  from space 114688K, 3% used [0x000000074bf80000,0x000000074c32ecd8,0x0000000752f80000)
  to   space 166400K, 0% used [0x000000073ea80000,0x000000073ea80000,0x0000000748d00000)
 ParOldGen       total 424448K, used 321281K [0x00000002c0000000, 0x00000002d9e80000, 0x0000000615580000)
  object space 424448K, 75% used [0x00000002c0000000,0x00000002d39c0458,0x00000002d9e80000)
 Metaspace       used 55720K, capacity 56112K, committed 56664K, reserved 1097728K
  class space    used 7945K, capacity 8062K, committed 8064K, reserved 1048576K
Event: 102.123 GC heap after
Heap after GC invocations=48 (full 3):
 PSYoungGen      total 5037568K, used 3670K [0x0000000615580000, 0x000000076f300000, 0x00000007c0000000)
  eden space 4871168K, 0% used [0x0000000615580000,0x0000000615580000,0x000000073ea80000)
  from space 166400K, 2% used [0x000000073ea80000,0x000000073ee15940,0x0000000748d00000)
  to   space 164864K, 0% used [0x0000000765200000,0x0000000765200000,0x000000076f300000)
 ParOldGen       total 424448K, used 321305K [0x00000002c0000000, 0x00000002d9e80000, 0x0000000615580000)
  object space 424448K, 75% used [0x00000002c0000000,0x00000002d39c6458,0x00000002d9e80000)
 Metaspace       used 55720K, capacity 56112K, committed 56664K, reserved 1097728K
  class space    used 7945K, capacity 8062K, committed 8064K, reserved 1048576K
}
Event: 103.977 GC heap before
{Heap before GC invocations=49 (full 3):
 PSYoungGen      total 5037568K, used 4874838K [0x0000000615580000, 0x000000076f300000, 0x00000007c0000000)
  eden space 4871168K, 100% used [0x0000000615580000,0x000000073ea80000,0x000000073ea80000)
  from space 166400K, 2% used [0x000000073ea80000,0x000000073ee15940,0x0000000748d00000)
  to   space 164864K, 0% used [0x0000000765200000,0x0000000765200000,0x000000076f300000)
 ParOldGen       total 424448K, used 321305K [0x00000002c0000000, 0x00000002d9e80000, 0x0000000615580000)
  object space 424448K, 75% used [0x00000002c0000000,0x00000002d39c6458,0x00000002d9e80000)
 Metaspace       used 55764K, capacity 56112K, committed 56664K, reserved 1097728K
  class space    used 7947K, capacity 8062K, committed 8064K, reserved 1048576K
Event: 103.981 GC heap after
Heap after GC invocations=49 (full 3):
 PSYoungGen      total 5371392K, used 3478K [0x0000000615580000, 0x000000076b100000, 0x00000007c0000000)
  eden space 5274112K, 0% used [0x0000000615580000,0x0000000615580000,0x0000000757400000)
  from space 97280K, 3% used [0x0000000765200000,0x0000000765565950,0x000000076b100000)
  to   space 162304K, 0% used [0x0000000757400000,0x0000000757400000,0x0000000761280000)
 ParOldGen       total 424448K, used 321313K [0x00000002c0000000, 0x00000002d9e80000, 0x0000000615580000)
  object space 424448K, 75% used [0x00000002c0000000,0x00000002d39c8458,0x00000002d9e80000)
 Metaspace       used 55764K, capacity 56112K, committed 56664K, reserved 1097728K
  class space    used 7947K, capacity 8062K, committed 8064K, reserved 1048576K
}

Deoptimization events (10 events):
Event: 103.165 Thread 0x000000004429e800 Uncommon trap: reason=class_check action=maybe_recompile pc=0x000000000434dbf8 method=java.util.regex.Pattern$Ques.match(Ljava/util/regex/Matcher;ILjava/lang/CharSequence;)Z @ 39
Event: 103.165 Thread 0x000000004429e800 Uncommon trap: reason=class_check action=maybe_recompile pc=0x000000000434dbf8 method=java.util.regex.Pattern$Ques.match(Ljava/util/regex/Matcher;ILjava/lang/CharSequence;)Z @ 39
Event: 103.198 Thread 0x000000004429e800 Uncommon trap: reason=unstable_if action=reinterpret pc=0x0000000004491090 method=sun.awt.geom.Curve.pointCrossingsForQuad(DDDDDDDDI)I @ 4
Event: 103.323 Thread 0x000000004f45f000 Uncommon trap: reason=unstable_if action=reinterpret pc=0x0000000004bb4208 method=java.math.BigDecimal.longMultiplyPowerTen(JI)J @ 42
Event: 103.323 Thread 0x000000004f45f000 Uncommon trap: reason=unstable_if action=reinterpret pc=0x0000000004432e48 method=java.math.BigDecimal.longMultiplyPowerTen(JI)J @ 42
Event: 103.517 Thread 0x000000004429e800 Uncommon trap: reason=unstable_if action=reinterpret pc=0x0000000003f351f0 method=sun.awt.geom.Curve.pointCrossingsForCubic(DDDDDDDDDDI)I @ 94
Event: 103.846 Thread 0x000000004f466800 Uncommon trap: reason=unstable_if action=reinterpret pc=0x0000000004954b30 method=java.math.BigDecimal.longCompareMagnitude(JJ)I @ 3
Event: 105.082 Thread 0x000000004ded0800 Uncommon trap: reason=array_check action=maybe_recompile pc=0x000000000381c8a4 method=java.util.Arrays.fill([Ljava/lang/Object;Ljava/lang/Object;)V @ 13
Event: 105.082 Thread 0x000000004ded0800 Uncommon trap: reason=array_check action=maybe_recompile pc=0x000000000381c8a4 method=java.util.Arrays.fill([Ljava/lang/Object;Ljava/lang/Object;)V @ 13
Event: 105.082 Thread 0x000000004ded0800 Uncommon trap: reason=array_check action=maybe_recompile pc=0x000000000381c8a4 method=java.util.Arrays.fill([Ljava/lang/Object;Ljava/lang/Object;)V @ 13

Classes redefined (0 events):
No events

Internal exceptions (10 events):
Event: 28.523 Thread 0x000000004decf000 Implicit null exception at 0x000000000428f982 to 0x000000000428fd3d
Event: 28.523 Thread 0x000000004decf000 Implicit null exception at 0x00000000041dc1aa to 0x00000000041dc259
Event: 32.555 Thread 0x000000004decf000 Implicit null exception at 0x00000000043b61f0 to 0x00000000043b92d1
Event: 53.507 Thread 0x0000000046838000 Implicit null exception at 0x000000000456b7b6 to 0x000000000456bb79
Event: 53.547 Thread 0x0000000046837800 Implicit null exception at 0x0000000004472b36 to 0x0000000004472ead
Event: 65.602 Thread 0x0000000046838000 Implicit null exception at 0x000000000477ef19 to 0x000000000477f2b5
Event: 85.844 Thread 0x000000004ded2800 Implicit null exception at 0x00000000042ba803 to 0x00000000042bac89
Event: 85.844 Thread 0x000000004ded2800 Implicit null exception at 0x000000000439809f to 0x0000000004398365
Event: 85.844 Thread 0x000000004ded2800 Implicit null exception at 0x000000000421d3a7 to 0x000000000421d4bd
Event: 85.844 Thread 0x000000004ded2800 Implicit null exception at 0x000000000448f1b6 to 0x000000000448f581

Events (10 events):
Event: 105.093 loading class com/jogamp/nativewindow/egl/EGLGraphicsDevice$EGLDisplayLifecycleCallback done
Event: 105.094 loading class jogamp/opengl/egl/EGLDisplayUtil$1
Event: 105.094 loading class jogamp/opengl/egl/EGLDisplayUtil$1 done
Event: 105.095 Executing VM operation: RevokeBias
Event: 105.095 Executing VM operation: RevokeBias done
Event: 105.095 Executing VM operation: RevokeBias
Event: 105.096 Executing VM operation: RevokeBias done
Event: 105.096 Thread 0x000000004c4bb800 Thread exited: 0x000000004c4bb800
Event: 105.153 Executing VM operation: RevokeBias
Event: 105.153 Executing VM operation: RevokeBias done


Dynamic libraries:
0x00007ff740ab0000 - 0x00007ff740ae7000 	C:\Users\jonas\ProM 6.10\jre8\bin\javaw.exe
0x00007ffe85630000 - 0x00007ffe85826000 	C:\Windows\SYSTEM32\ntdll.dll
0x00007ffe84ab0000 - 0x00007ffe84b6d000 	C:\Windows\System32\KERNEL32.DLL
0x00007ffe833c0000 - 0x00007ffe83689000 	C:\Windows\System32\KERNELBASE.dll
0x00007ffe83690000 - 0x00007ffe8373c000 	C:\Windows\System32\ADVAPI32.dll
0x00007ffe837a0000 - 0x00007ffe8383e000 	C:\Windows\System32\msvcrt.dll
0x00007ffe84140000 - 0x00007ffe841dc000 	C:\Windows\System32\sechost.dll
0x00007ffe84cb0000 - 0x00007ffe84ddb000 	C:\Windows\System32\RPCRT4.dll
0x00007ffe84890000 - 0x00007ffe84a30000 	C:\Windows\System32\USER32.dll
0x00007ffe830e0000 - 0x00007ffe83102000 	C:\Windows\System32\win32u.dll
0x00007ffe83b80000 - 0x00007ffe83baa000 	C:\Windows\System32\GDI32.dll
0x00007ffe82d70000 - 0x00007ffe82e7b000 	C:\Windows\System32\gdi32full.dll
0x00007ffe83190000 - 0x00007ffe8322d000 	C:\Windows\System32\msvcp_win.dll
0x00007ffe82fe0000 - 0x00007ffe830e0000 	C:\Windows\System32\ucrtbase.dll
0x00007ffe641c0000 - 0x00007ffe6445b000 	C:\Windows\WinSxS\amd64_microsoft.windows.common-controls_6595b64144ccf1df_6.0.19041.746_none_ca02b4b61b8320a4\COMCTL32.dll
0x00007ffe84270000 - 0x00007ffe842a0000 	C:\Windows\System32\IMM32.DLL
0x0000000072330000 - 0x0000000072402000 	C:\Users\jonas\ProM 6.10\jre8\bin\msvcr100.dll
0x0000000071a90000 - 0x000000007232f000 	C:\Users\jonas\ProM 6.10\jre8\bin\server\jvm.dll
0x00007ffe84e90000 - 0x00007ffe84e98000 	C:\Windows\System32\PSAPI.DLL
0x00007ffe61250000 - 0x00007ffe61259000 	C:\Windows\SYSTEM32\WSOCK32.dll
0x00007ffe6da00000 - 0x00007ffe6da27000 	C:\Windows\SYSTEM32\WINMM.dll
0x00007ffe76000000 - 0x00007ffe7600a000 	C:\Windows\SYSTEM32\VERSION.dll
0x00007ffe84770000 - 0x00007ffe847db000 	C:\Windows\System32\WS2_32.dll
0x0000000071a80000 - 0x0000000071a8f000 	C:\Users\jonas\ProM 6.10\jre8\bin\verify.dll
0x0000000071a50000 - 0x0000000071a79000 	C:\Users\jonas\ProM 6.10\jre8\bin\java.dll
0x0000000071a30000 - 0x0000000071a46000 	C:\Users\jonas\ProM 6.10\jre8\bin\zip.dll
0x00007ffe84ea0000 - 0x00007ffe855e2000 	C:\Windows\System32\SHELL32.dll
0x00007ffe80ec0000 - 0x00007ffe81650000 	C:\Windows\SYSTEM32\windows.storage.dll
0x00007ffe84410000 - 0x00007ffe84766000 	C:\Windows\System32\combase.dll
0x00007ffe827d0000 - 0x00007ffe827fc000 	C:\Windows\SYSTEM32\Wldp.dll
0x00007ffe84de0000 - 0x00007ffe84e8e000 	C:\Windows\System32\SHCORE.dll
0x00007ffe839f0000 - 0x00007ffe83a45000 	C:\Windows\System32\shlwapi.dll
0x00007ffe82ca0000 - 0x00007ffe82cc6000 	C:\Windows\SYSTEM32\profapi.dll
0x0000000071a10000 - 0x0000000071a2a000 	C:\Users\jonas\ProM 6.10\jre8\bin\net.dll
0x00007ffe82550000 - 0x00007ffe825ba000 	C:\Windows\system32\mswsock.dll
0x00007ffe82230000 - 0x00007ffe822fb000 	C:\Windows\SYSTEM32\DNSAPI.dll
0x00007ffe821f0000 - 0x00007ffe8222b000 	C:\Windows\SYSTEM32\IPHLPAPI.DLL
0x00007ffe84ca0000 - 0x00007ffe84ca8000 	C:\Windows\System32\NSI.dll
0x00007ffe793b0000 - 0x00007ffe793ba000 	C:\Windows\System32\rasadhlp.dll
0x00007ffe78460000 - 0x00007ffe784df000 	C:\Windows\System32\fwpuclnt.dll
0x00007ffe83330000 - 0x00007ffe83357000 	C:\Windows\System32\bcrypt.dll
0x0000000071870000 - 0x0000000071a08000 	C:\Users\jonas\ProM 6.10\jre8\bin\awt.dll
0x00007ffe84b70000 - 0x00007ffe84c3d000 	C:\Windows\System32\OLEAUT32.dll
0x00007ffe7cd70000 - 0x00007ffe7ce00000 	C:\Windows\SYSTEM32\apphelp.dll
0x00007ffe82720000 - 0x00007ffe82738000 	C:\Windows\SYSTEM32\CRYPTSP.dll
0x00007ffe81e80000 - 0x00007ffe81eb4000 	C:\Windows\system32\rsaenh.dll
0x00007ffe82c60000 - 0x00007ffe82c8e000 	C:\Windows\SYSTEM32\USERENV.dll
0x00007ffe83110000 - 0x00007ffe83190000 	C:\Windows\System32\bcryptprimitives.dll
0x00007ffe82740000 - 0x00007ffe8274c000 	C:\Windows\SYSTEM32\CRYPTBASE.dll
0x00007ffe79bf0000 - 0x00007ffe79c07000 	C:\Windows\SYSTEM32\dhcpcsvc6.DLL
0x00007ffe79bd0000 - 0x00007ffe79bed000 	C:\Windows\SYSTEM32\dhcpcsvc.DLL
0x0000000071850000 - 0x0000000071861000 	C:\Users\jonas\ProM 6.10\jre8\bin\nio.dll
0x00007ffe7cea0000 - 0x00007ffe7cf3e000 	C:\Windows\system32\uxtheme.dll
0x00007ffe84020000 - 0x00007ffe84135000 	C:\Windows\System32\MSCTF.dll
0x00007ffe83a50000 - 0x00007ffe83b7a000 	C:\Windows\System32\ole32.dll
0x00007ffe80d30000 - 0x00007ffe80d42000 	C:\Windows\SYSTEM32\kernel.appcore.dll
0x00007ffe52e90000 - 0x00007ffe52fb5000 	C:\Windows\system32\opengl32.dll
0x00007ffe52e20000 - 0x00007ffe52e4c000 	C:\Windows\SYSTEM32\GLU32.dll
0x00007ffe808e0000 - 0x00007ffe8090f000 	C:\Windows\system32\DWMAPI.DLL
0x0000000071810000 - 0x0000000071841000 	C:\Users\jonas\ProM 6.10\jre8\bin\jpeg.dll
0x00007ffe847e0000 - 0x00007ffe84889000 	C:\Windows\System32\clbcatq.dll
0x00007ffe0d9a0000 - 0x00007ffe0e972000 	C:\Windows\System32\DriverStore\FileRepository\iigd_dch.inf_amd64_c0d80a866e0b1dc6\ig9icd64.dll
0x00007ffe817d0000 - 0x00007ffe818c3000 	C:\Windows\system32\dxgi.dll
0x00007ffe6ac90000 - 0x00007ffe6aee8000 	C:\Windows\System32\DriverStore\FileRepository\iigd_dch.inf_amd64_c0d80a866e0b1dc6\igdgmm64.dll
0x00007ffe67fb0000 - 0x00007ffe6ac90000 	C:\Windows\System32\DriverStore\FileRepository\iigd_dch.inf_amd64_c0d80a866e0b1dc6\igc64.dll
0x00007ffe82360000 - 0x00007ffe823ab000 	C:\Windows\SYSTEM32\powrprof.dll
0x00007ffe821d0000 - 0x00007ffe821e2000 	C:\Windows\SYSTEM32\UMPDC.dll
0x00007ffe34550000 - 0x00007ffe3496a000 	C:\Windows\System32\DriverStore\FileRepository\iigd_dch.inf_amd64_c0d80a866e0b1dc6\igdml64.dll
0x00000000717e0000 - 0x000000007180a000 	C:\Users\jonas\ProM 6.10\jre8\bin\dcpr.dll
0x0000000071790000 - 0x00000000717d7000 	C:\Users\jonas\ProM 6.10\jre8\bin\fontmanager.dll
0x0000000071740000 - 0x0000000071782000 	C:\Users\jonas\ProM 6.10\jre8\bin\t2k.dll
0x0000000071700000 - 0x000000007173e000 	C:\Users\jonas\ProM 6.10\jre8\bin\lcms.dll
0x00007ffe5eee0000 - 0x00007ffe5efdb000 	C:\Windows\SYSTEM32\textinputframework.dll
0x00007ffe7cb40000 - 0x00007ffe7cc32000 	C:\Windows\System32\CoreMessaging.dll
0x00007ffe7c7e0000 - 0x00007ffe7cb3e000 	C:\Windows\System32\CoreUIComponents.dll
0x00007ffe81af0000 - 0x00007ffe81b23000 	C:\Windows\SYSTEM32\ntmarta.dll
0x00007ffe7c100000 - 0x00007ffe7c254000 	C:\Windows\SYSTEM32\wintypes.dll
0x00007ffe6efe0000 - 0x00007ffe6f194000 	C:\Windows\SYSTEM32\WindowsCodecs.dll
0x00007ffe44e60000 - 0x00007ffe44f10000 	C:\Windows\WinSxS\amd64_microsoft.windows.common-controls_6595b64144ccf1df_5.82.19041.488_none_4238de57f6b64d28\comctl32.dll
0x00007ffe832e0000 - 0x00007ffe8332e000 	C:\Windows\System32\CFGMGR32.dll
0x00007ffe7af00000 - 0x00007ffe7aff7000 	C:\Windows\system32\propsys.dll
0x00007ffe6f770000 - 0x00007ffe6f78d000 	C:\Windows\SYSTEM32\MPR.dll
0x00007ffe75fe0000 - 0x00007ffe75feb000 	C:\Windows\System32\drprov.dll
0x00007ffe81b60000 - 0x00007ffe81bba000 	C:\Windows\System32\WINSTA.dll
0x00007ffe72d40000 - 0x00007ffe72d58000 	C:\Windows\System32\ntlanman.dll
0x00007ffe66a50000 - 0x00007ffe66a6e000 	C:\Windows\System32\davclnt.dll
0x00007ffe2ca90000 - 0x00007ffe2ca9d000 	C:\Windows\System32\DAVHLPR.dll
0x00007ffe81fa0000 - 0x00007ffe81fb7000 	C:\Windows\System32\wkscli.dll
0x00007ffe596c0000 - 0x00007ffe596d2000 	C:\Windows\SYSTEM32\cscapi.dll
0x00007ffe82350000 - 0x00007ffe8235c000 	C:\Windows\System32\netutils.dll
0x00007ffe6afd0000 - 0x00007ffe6aff0000 	C:\Windows\System32\DevDispItemProvider.dll
0x00007ffe56c20000 - 0x00007ffe56c2d000 	C:\Windows\SYSTEM32\LINKINFO.dll
0x00000000637c0000 - 0x00000000637cd000 	C:\Users\jonas\AppData\Local\Temp\jogamp_0000\file_cache\jln3535930568433441300\jln5101546929128409859\natives\windows-amd64\gluegen-rt.dll
0x00000000716f0000 - 0x00000000716f7000 	C:\Users\jonas\ProM 6.10\jre8\bin\jawt.dll
0x000000006a440000 - 0x000000006a44d000 	C:\Users\jonas\AppData\Local\Temp\jogamp_0000\file_cache\jln3535930568433441300\jln5101546929128409859\natives\windows-amd64\nativewindow_awt.dll
0x000000006c100000 - 0x000000006c10f000 	C:\Users\jonas\AppData\Local\Temp\jogamp_0000\file_cache\jln3535930568433441300\jln5101546929128409859\natives\windows-amd64\nativewindow_win32.dll
0x0000000064500000 - 0x00000000645b1000 	C:\Users\jonas\AppData\Local\Temp\jogamp_0000\file_cache\jln3535930568433441300\jln5101546929128409859\natives\windows-amd64\jogl_desktop.dll
0x00007ffe42a50000 - 0x00007ffe42cbf000 	C:\Users\jonas\anaconda3\Library\bin\libGLESv2.dll
0x00007ffe3e510000 - 0x00007ffe3e5ac000 	C:\Users\jonas\ProM 6.10\jre8\bin\MSVCP140.dll
0x00007ffe767b0000 - 0x00007ffe767c6000 	C:\Users\jonas\ProM 6.10\jre8\bin\VCRUNTIME140.dll
0x00007ffe3c720000 - 0x00007ffe3c8ef000 	C:\Windows\SYSTEM32\d3d9.dll
0x00007ffe638d0000 - 0x00007ffe638d8000 	C:\Users\jonas\anaconda3\Library\bin\libEGL.dll
0x0000000064340000 - 0x00000000643a2000 	C:\Users\jonas\AppData\Local\Temp\jogamp_0000\file_cache\jln3535930568433441300\jln5101546929128409859\natives\windows-amd64\jogl_mobile.dll
0x0000000180000000 - 0x000000018009e000 	C:\Users\jonas\.ProM\packages\lpsolve-5.5.4\lib\win64\lpsolve55.dll
0x00000000516b0000 - 0x00000000516d5000 	C:\Users\jonas\.ProM\packages\lpsolve-5.5.4\lib\win64\lpsolve55j.dll
0x00000000516e0000 - 0x00000000516fb000 	C:\Users\jonas\.ProM\packages\lpsolve-5.5.4\lib\win64\bfp_etaPFI.DLL
0x00007ffe6cc40000 - 0x00007ffe6cc7b000 	C:\Windows\SYSTEM32\dxcore.dll

VM Arguments:
jvm_args: -ea -Xmx20G -Djava.library.path=.//lib -Dsun.java2d.opengl=true -Dfile.encoding=Cp1252 
java_command: org.processmining.contexts.uitopia.UI
java_class_path (initial): C:\Users\jonas\eclipse-workspace\InductiveVisualMiner\bin;C:\Users\jonas\.ivy2\cache\org.jblas\jblas\jars\jblas-1.2.4.jar;C:\Users\jonas\.ivy2\cache\net.sourceforge.jexcelapi\jxl\jars\jxl-2.6.jar;C:\Users\jonas\.ivy2\cache\prom\ProM-Plugins\jars\ProM-Plugins-latest.jar;C:\Users\jonas\.ivy2\cache\prom\ProM-Contexts\jars\ProM-Contexts-latest.jar;C:\Users\jonas\.ivy2\cache\prom-libs\guava\jars\guava-16.0.1.jar;C:\Users\jonas\.ivy2\cache\junit\junit\jars\junit-4.12.jar;C:\Users\jonas\.ivy2\cache\prom-libs\bsh\jars\bsh-2.0b4.jar;C:\Users\jonas\.ivy2\cache\prom-libs\Spex\jars\Spex-1.1.jar;C:\Users\jonas\.ivy2\cache\prom-libs\Uitopia\jars\Uitopia-0.6-20190913.jar;C:\Users\jonas\.ivy2\cache\prom-libs\UITopiaResources\jars\UITopiaResources-0.6-20190913.jar;C:\Users\jonas\.ivy2\cache\prom\ProM-Framework\jars\ProM-Framework-latest.jar;C:\Users\jonas\.ivy2\cache\org.apache.commons\commons-compress\jars\commons-compress-1.13.jar;C:\Users\jonas\.ivy2\cache\commons-logging\commons-logging\jars\commons-logging-1.1.3.jar;C:\Users\jonas\.ivy2\cache\prom-libs\jgraph\jars\jgraph-5.13.0.4.jar;C:\Users\jonas\.ivy2\cache\com.brsanthu\google-analytics-java\jars\google-analytics-java-1.1.2.jar;C:\Users\jonas\.ivy2\cache\org.apache.httpcomponents\httpclient\jars\httpclient-4.5.3.jar;C:\Users\jonas\.ivy2\cache\org.apache.httpcomponents\httpcore\jars\httpcore-4.4.6.jar;C:\Users\jonas\.ivy2\cache\org.apache.logging.log4j\log4j-api\jars\log4j-api-2.8.1.jar;C:\Users\jonas\.ivy2\cache\org.apache.logging.log4j\log4j-core\jars\log4j-core-2.8.1.jar;C:\Users\jonas\.ivy2\cache\org.apache.logging.log4j\log4j-slf4j-impl\jars\log4j-slf4j-impl-2.8.1.jar;C:\Users\jonas\.ivy2\cache\prom-libs\jargs\jars\jargs-latest.jar;C:\Users\jonas\.ivy2\cache\tablelayout\TableLayout\jars\TableLayout-20050920.jar;C:\Users\jonas\.ivy2\cache\org.slf4j\slf4j-api\jars\slf4j-api-1.7.25.jar;C:\Users\jonas\.ivy2\cache\prom-libs\slickerbox\jars\slickerbox-1.0rc1.jar;C:\Users\jonas\.ivy2\cache\prom\ProM
Launcher Type: SUN_STANDARD

Environment Variables:
PATH=C:/Users/jonas/.p2/pool/plugins/org.eclipse.justj.openjdk.hotspot.jre.full.win32.x86_64_14.0.2.v20200815-0932/jre/bin/server;C:/Users/jonas/.p2/pool/plugins/org.eclipse.justj.openjdk.hotspot.jre.full.win32.x86_64_14.0.2.v20200815-0932/jre/bin;C:\Program Files\AdoptOpenJDK\jdk-11.0.10.9-hotspot\bin;C:\Program Files (x86)\Common Files\Oracle\Java\javapath;C:\Program Files (x86)\VMware\VMware Player\bin\;C:\Windows\system32;C:\Windows;C:\Windows\System32\Wbem;C:\Windows\System32\WindowsPowerShell\v1.0\;C:\Windows\System32\OpenSSH\;C:\Users\jonas\AppData\Local\Programs\Python\Python39\;C:\Users\jonas\AppData\Local\Programs\Python\Python39\Scripts\;C:\Program Files\Git\cmd;C:\Program Files\PostgreSQL\13\bin;C:\Program Files\PuTTY\;C:\Program Files\TortoiseSVN\bin;C:\Program Files\Graphviz\bin;C:\Users\jonas\anaconda3;C:\Users\jonas\anaconda3\Library\mingw-w64\bin;C:\Users\jonas\anaconda3\Library\usr\bin;C:\Users\jonas\anaconda3\Library\bin;C:\Users\jonas\anaconda3\Scripts;C:\Users\jonas\AppData\Local\Microsoft\WindowsApps;C:\Program Files\JetBrains\PyCharm 2020.2.3\bin;;C:\Users\jonas\AppData\Local\Programs\Python\Python39\;C:\Users\jonas\AppData\Local\Programs\Python\Python39\Scripts\;C:\Program Files\PostgreSQL\13\bin;C:\Users\jonas\AppData\Local\Google\Cloud SDK\google-cloud-sdk\bin;C:\Users\jonas\AppData\Local\Programs\Microsoft VS Code\bin;C:\Windows\system32;
USERNAME=jonas
OS=Windows_NT
PROCESSOR_IDENTIFIER=Intel64 Family 6 Model 142 Stepping 12, GenuineIntel



---------------  S Y S T E M  ---------------

OS: Windows 10.0 , 64 bit Build 19041 (10.0.19041.804)

CPU:total 8 (initial active 8) (4 cores per cpu, 2 threads per core) family 6 model 142 stepping 12, cmov, cx8, fxsr, mmx, sse, sse2, sse3, ssse3, sse4.1, sse4.2, popcnt, avx, avx2, aes, clmul, erms, 3dnowpref, lzcnt, ht, tsc, tscinvbit, bmi1, bmi2, adx

Memory: 4k page, physical 16560184k(4385264k free), swap 31821604k(3361408k free)

vm_info: Java HotSpot(TM) 64-Bit Server VM (25.161-b12) for windows-amd64 JRE (1.8.0_161-b12), built on Dec 19 2017 17:52:25 by "java_re" with MS VC++ 10.0 (VS2010)

time: Wed Feb 17 15:45:02 2021
elapsed time: 105 seconds (0d 0h 1m 45s)

