#
# A fatal error has been detected by the Java Runtime Environment:
#
#  EXCEPTION_ACCESS_VIOLATION (0xc0000005) at pc=0x0000000003b7f19a, pid=5648, tid=0x000000000000531c
#
# JRE version: Java(TM) SE Runtime Environment (8.0_161-b12) (build 1.8.0_161-b12)
# Java VM: Java HotSpot(TM) 64-Bit Server VM (25.161-b12 mixed mode windows-amd64 compressed oops)
# Problematic frame:
# J 6692 C2 org.mapdb.StoreCached.get2(JLorg/mapdb/Serializer;)Ljava/lang/Object; (45 bytes) @ 0x0000000003b7f19a [0x0000000003b7ee60+0x33a]
#
# Failed to write core dump. Minidumps are not enabled by default on client versions of Windows
#
# If you would like to submit a bug report, please visit:
#   http://bugreport.java.com/bugreport/crash.jsp
#

---------------  T H R E A D  ---------------

Current thread (0x000000004ddeb800):  JavaThread "pool-1-thread-3" [_thread_in_Java, id=21276, stack(0x00000000585a0000,0x00000000586a0000)]

siginfo: ExceptionCode=0xc0000005, reading address 0x0000000058cf3410

Registers:
RAX=0x9a029a0299fd3410, RBX=0x0000000000000007, RCX=0x0000000000000016, RDX=0x0000000000053410
RSP=0x000000005869e440, RBP=0x0000000000000000, RSI=0x0000000000000000, RDI=0x0000000000000001
R8 =0x0000000058ca0000, R9 =0x0000000058ca0000, R10=0x0000000000053410, R11=0x0000000000000000
R12=0x0000000000000000, R13=0x00000002c160f658, R14=0x00000002c446b9f8, R15=0x000000004ddeb800
RIP=0x0000000003b7f19a, EFLAGS=0x0000000000010216

Top of Stack: (sp=0x000000005869e440)
0x000000005869e440:   00000115c03dcab0 00000002c03d91c8
0x000000005869e450:   00000002c45f51e0 00000000f80cc0e1
0x000000005869e460:   00000000c92c9a80 00000002c446b9f8
0x000000005869e470:   00000002c4487c28 000000006afd2ed9
0x000000005869e480:   0000000000000001 0000000003b7f544
0x000000005869e490:   0000000000000033 0000000600000000
0x000000005869e4a0:   0000000058890f85 0000000003529df8
0x000000005869e4b0:   0000000000009677 00000002c446b9f8
0x000000005869e4c0:   00000002c4487c18 00000002c45f51e0
0x000000005869e4d0:   00000002c4487c28 000000000380e0dc
0x000000005869e4e0:   00000002c03d92e0 00000002f8004eec
0x000000005869e4f0:   0000000058890f72 0000000003529df8
0x000000005869e500:   000000005888d73c 0000000003c2c568
0x000000005869e510:   00000002c4487b80 0000000258890f72
0x000000005869e520:   00000002c4487b90 0000000050269c08
0x000000005869e530:   000000005888d73c 0000000003c1f1d4 

Instructions: (pc=0x0000000003b7f19a)
0x0000000003b7f17a:   45 8b 5a 1c 45 2b d8 41 83 fb 08 0f 8c f6 06 00
0x0000000003b7f18a:   00 4d 8b 4a 10 45 0f b6 5a 2a 4d 63 d0 4d 8b c1
0x0000000003b7f19a:   4f 8b 14 10 45 85 db 0f 85 06 07 00 00 49 0f ca
0x0000000003b7f1aa:   4d 85 d2 0f 84 22 07 00 00 f3 4d 0f b8 c2 45 8b 


Register to memory mapping:

RAX=0x9a029a0299fd3410 is an unknown value
RBX=0x0000000000000007 is an unknown value
RCX=0x0000000000000016 is an unknown value
RDX=0x0000000000053410 is an unknown value
RSP=0x000000005869e440 is pointing into the stack for thread: 0x000000004ddeb800
RBP=0x0000000000000000 is an unknown value
RSI=0x0000000000000000 is an unknown value
RDI=0x0000000000000001 is an unknown value
R8 =0x0000000058ca0000 is pointing into the stack for thread: 0x000000004dded000
R9 =0x0000000058ca0000 is pointing into the stack for thread: 0x000000004dded000
R10=0x0000000000053410 is an unknown value
R11=0x0000000000000000 is an unknown value
R12=0x0000000000000000 is an unknown value
R13=0x00000002c160f658 is an oop
[J 
 - klass: {type array long}
 - length: 4096
R14=0x00000002c446b9f8 is an oop
org.mapdb.StoreCached 
 - klass: 'org/mapdb/StoreCached'
R15=0x000000004ddeb800 is a thread


Stack: [0x00000000585a0000,0x00000000586a0000],  sp=0x000000005869e440,  free space=1017k
Native frames: (J=compiled Java code, j=interpreted, Vv=VM code, C=native code)


---------------  P R O C E S S  ---------------

Java Threads: ( => current thread )
  0x000000004c6a4800 JavaThread "MapDB shutdown hook" [_thread_in_native, id=19396, stack(0x000000005d030000,0x000000005d130000)]
  0x000000004c69f000 JavaThread "Thread-43" daemon [_thread_in_native, id=23156, stack(0x000000005cf30000,0x000000005d030000)]
  0x000000005089f800 JavaThread "pool-1-thread-13" [_thread_blocked, id=19008, stack(0x000000005d830000,0x000000005d930000)]
  0x00000000508a2000 JavaThread "pool-1-thread-12" [_thread_blocked, id=22852, stack(0x000000005d730000,0x000000005d830000)]
  0x000000005089f000 JavaThread "pool-1-thread-11" [_thread_blocked, id=15760, stack(0x000000005d630000,0x000000005d730000)]
  0x00000000508a0800 JavaThread "pool-1-thread-10" [_thread_blocked, id=2792, stack(0x000000005d530000,0x000000005d630000)]
  0x00000000508a4000 JavaThread "pool-1-thread-9" [_thread_blocked, id=2188, stack(0x000000005d430000,0x000000005d530000)]
  0x00000000508a1000 JavaThread "pool-1-thread-8" [_thread_blocked, id=11740, stack(0x000000005d330000,0x000000005d430000)]
  0x000000004ddf6800 JavaThread "pool-1-thread-7" [_thread_blocked, id=2876, stack(0x000000005c430000,0x000000005c530000)]
  0x000000004ddf3800 JavaThread "pool-1-thread-6" [_thread_blocked, id=3352, stack(0x0000000051b80000,0x0000000051c80000)]
  0x00000000454f0000 JavaThread "pool-1-thread-5" [_thread_blocked, id=21644, stack(0x0000000051a80000,0x0000000051b80000)]
  0x000000004ddf3000 JavaThread "pool-1-thread-4" [_thread_blocked, id=13648, stack(0x000000005b360000,0x000000005b460000)]
=>0x000000004ddeb800 JavaThread "pool-1-thread-3" [_thread_in_Java, id=21276, stack(0x00000000585a0000,0x00000000586a0000)]
  0x000000004ddf2000 JavaThread "pool-1-thread-2" [_thread_blocked, id=11736, stack(0x0000000057f20000,0x0000000058020000)]
  0x000000004ddf1800 JavaThread "IvM chain thread" [_thread_blocked, id=19516, stack(0x0000000051340000,0x0000000051440000)]
  0x000000004dde9000 JavaThread "IvM rendering thread" [_thread_blocked, id=20040, stack(0x0000000051240000,0x0000000051340000)]
  0x000000004ddef000 JavaThread "SwingWorker-pool-5-thread-1" daemon [_thread_blocked, id=11388, stack(0x00000000583a0000,0x00000000584a0000)]
  0x000000004dded000 JavaThread "XESLiteDB-0-Worker-Thread-3" daemon [_thread_blocked, id=13252, stack(0x0000000058ba0000,0x0000000058ca0000)]
  0x000000004dde8000 JavaThread "XESLiteDB-0-Worker-Thread-2" daemon [_thread_blocked, id=22684, stack(0x0000000058aa0000,0x0000000058ba0000)]
  0x000000004ddec000 JavaThread "XESLiteDB-0-Worker-Thread-1" daemon [_thread_blocked, id=1552, stack(0x00000000589a0000,0x0000000058aa0000)]
  0x000000004ddee800 JavaThread "XESLiteDB-0-Worker-Thread-0" daemon [_thread_blocked, id=22688, stack(0x00000000588a0000,0x00000000589a0000)]
  0x000000004dde7800 JavaThread "pool-1-thread-1" [_thread_blocked, id=4684, stack(0x00000000584a0000,0x00000000585a0000)]
  0x00000000454ef000 JavaThread "DestroyJavaVM" [_thread_blocked, id=23336, stack(0x0000000002790000,0x0000000002890000)]
  0x00000000454f6000 JavaThread "Java2D Queue Flusher" daemon [_thread_blocked, id=8160, stack(0x0000000049780000,0x0000000049880000)]
  0x00000000454f4800 JavaThread "TimerQueue" daemon [_thread_blocked, id=7720, stack(0x0000000048f80000,0x0000000049080000)]
  0x00000000454f3000 JavaThread "AWT-EventQueue-0" [_thread_blocked, id=23328, stack(0x0000000047670000,0x0000000047770000)]
  0x00000000454f0800 JavaThread "AWT-Shutdown" [_thread_blocked, id=13220, stack(0x00000000473e0000,0x00000000474e0000)]
  0x00000000454f2000 JavaThread "Java2D Disposer" daemon [_thread_blocked, id=15572, stack(0x0000000047570000,0x0000000047670000)]
  0x0000000043b66000 JavaThread "Service Thread" daemon [_thread_blocked, id=23052, stack(0x00000000446d0000,0x00000000447d0000)]
  0x0000000043ae4800 JavaThread "C1 CompilerThread3" daemon [_thread_blocked, id=22416, stack(0x00000000445d0000,0x00000000446d0000)]
  0x0000000043ae1000 JavaThread "C2 CompilerThread2" daemon [_thread_blocked, id=7832, stack(0x00000000444d0000,0x00000000445d0000)]
  0x0000000043adb800 JavaThread "C2 CompilerThread1" daemon [_thread_blocked, id=20848, stack(0x00000000443d0000,0x00000000444d0000)]
  0x0000000043ad6800 JavaThread "C2 CompilerThread0" daemon [_thread_blocked, id=23452, stack(0x00000000442d0000,0x00000000443d0000)]
  0x0000000043ad3000 JavaThread "Attach Listener" daemon [_thread_blocked, id=18592, stack(0x00000000441d0000,0x00000000442d0000)]
  0x0000000043ad1800 JavaThread "Signal Dispatcher" daemon [_thread_blocked, id=23700, stack(0x00000000440d0000,0x00000000441d0000)]
  0x0000000043ac0800 JavaThread "Finalizer" daemon [_thread_blocked, id=22856, stack(0x0000000043ea0000,0x0000000043fa0000)]
  0x0000000041bc0800 JavaThread "Reference Handler" daemon [_thread_blocked, id=3600, stack(0x00000000439a0000,0x0000000043aa0000)]

Other Threads:
  0x0000000041bba800 VMThread [stack: 0x00000000438a0000,0x00000000439a0000] [id=18500]
  0x0000000043ba8000 WatcherThread [stack: 0x00000000447d0000,0x00000000448d0000] [id=21920]

VM state:not at safepoint (normal execution)

VM Mutex/Monitor currently owned by a thread: None

Heap:
 PSYoungGen      total 3364864K, used 923755K [0x0000000615580000, 0x00000006e7d00000, 0x00000007c0000000)
  eden space 3340800K, 26% used [0x0000000615580000,0x000000064c4679c8,0x00000006e1400000)
  from space 24064K, 98% used [0x00000006e6580000,0x00000006e7cb3308,0x00000006e7d00000)
  to   space 48640K, 0% used [0x00000006e1e00000,0x00000006e1e00000,0x00000006e4d80000)
 ParOldGen       total 162304K, used 122489K [0x00000002c0000000, 0x00000002c9e80000, 0x0000000615580000)
  object space 162304K, 75% used [0x00000002c0000000,0x00000002c779e5c0,0x00000002c9e80000)
 Metaspace       used 55610K, capacity 55996K, committed 56408K, reserved 1097728K
  class space    used 7943K, capacity 8062K, committed 8064K, reserved 1048576K

Card table byte_map: [0x0000000011d80000,0x0000000014590000] byte_map_base: 0x0000000010780000

Marking Bits: (ParMarkBitMap*) 0x000000006aebf860
 Begin Bits: [0x0000000016840000, 0x000000002a840000)
 End Bits:   [0x000000002a840000, 0x000000003e840000)

Polling page: 0x0000000000900000

CodeCache: size=245760Kb used=25858Kb max_used=25903Kb free=219901Kb
 bounds [0x00000000029c0000, 0x0000000004350000, 0x00000000119c0000]
 total_blobs=8103 nmethods=6999 adapters=1014
 compilation: enabled

Compilation events (10 events):
Event: 55.735 Thread 0x0000000043adb800 nmethod 9529 0x000000000424d5d0 code [0x000000000424d700, 0x000000000424d798]
Event: 55.738 Thread 0x0000000043ae4800 nmethod 9530 0x00000000043183d0 code [0x0000000004318940, 0x000000000431bfa8]
Event: 55.738 Thread 0x0000000043ae4800 9533       1       java.util.concurrent.CopyOnWriteArrayList::getArray (5 bytes)
Event: 55.738 Thread 0x0000000043ae4800 nmethod 9533 0x00000000043180d0 code [0x0000000004318220, 0x0000000004318330]
Event: 55.739 Thread 0x0000000043ae4800 9531       3       sun.nio.cs.UTF_8::access$200 (8 bytes)
Event: 55.740 Thread 0x0000000043ae4800 nmethod 9531 0x0000000002b56750 code [0x0000000002b568e0, 0x0000000002b56d78]
Event: 55.740 Thread 0x0000000043ae4800 9532       3       sun.nio.cs.UTF_8::updatePositions (23 bytes)
Event: 55.740 Thread 0x0000000043ae4800 nmethod 9532 0x0000000004024b50 code [0x0000000004024ce0, 0x0000000004025118]
Event: 55.741 Thread 0x0000000043ae4800 9534       3       java.util.logging.LogManager$LoggerContext::ensureDefaultLogger (70 bytes)
Event: 55.741 Thread 0x0000000043ae4800 nmethod 9534 0x0000000003bacf90 code [0x0000000003bad140, 0x0000000003bad9e8]

GC Heap History (10 events):
Event: 49.634 GC heap before
{Heap before GC invocations=34 (full 2):
 PSYoungGen      total 2494976K, used 2461331K [0x0000000615580000, 0x00000006c4700000, 0x00000007c0000000)
  eden space 2434048K, 100% used [0x0000000615580000,0x00000006a9e80000,0x00000006a9e80000)
  from space 60928K, 44% used [0x00000006a9e80000,0x00000006ab924df0,0x00000006ada00000)
  to   space 58368K, 0% used [0x00000006c0e00000,0x00000006c0e00000,0x00000006c4700000)
 ParOldGen       total 162304K, used 120473K [0x00000002c0000000, 0x00000002c9e80000, 0x0000000615580000)
  object space 162304K, 74% used [0x00000002c0000000,0x00000002c75a65a0,0x00000002c9e80000)
 Metaspace       used 55429K, capacity 55804K, committed 56408K, reserved 1097728K
  class space    used 7930K, capacity 8062K, committed 8064K, reserved 1048576K
Event: 49.644 GC heap after
Heap after GC invocations=34 (full 2):
 PSYoungGen      total 2808320K, used 26912K [0x0000000615580000, 0x00000006c4380000, 0x00000007c0000000)
  eden space 2753536K, 0% used [0x0000000615580000,0x0000000615580000,0x00000006bd680000)
  from space 54784K, 49% used [0x00000006c0e00000,0x00000006c2848150,0x00000006c4380000)
  to   space 55808K, 0% used [0x00000006bd680000,0x00000006bd680000,0x00000006c0d00000)
 ParOldGen       total 162304K, used 120793K [0x00000002c0000000, 0x00000002c9e80000, 0x0000000615580000)
  object space 162304K, 74% used [0x00000002c0000000,0x00000002c75f65a0,0x00000002c9e80000)
 Metaspace       used 55429K, capacity 55804K, committed 56408K, reserved 1097728K
  class space    used 7930K, capacity 8062K, committed 8064K, reserved 1048576K
}
Event: 50.506 GC heap before
{Heap before GC invocations=35 (full 2):
 PSYoungGen      total 2808320K, used 2780448K [0x0000000615580000, 0x00000006c4380000, 0x00000007c0000000)
  eden space 2753536K, 100% used [0x0000000615580000,0x00000006bd680000,0x00000006bd680000)
  from space 54784K, 49% used [0x00000006c0e00000,0x00000006c2848150,0x00000006c4380000)
  to   space 55808K, 0% used [0x00000006bd680000,0x00000006bd680000,0x00000006c0d00000)
 ParOldGen       total 162304K, used 120793K [0x00000002c0000000, 0x00000002c9e80000, 0x0000000615580000)
  object space 162304K, 74% used [0x00000002c0000000,0x00000002c75f65a0,0x00000002c9e80000)
 Metaspace       used 55476K, capacity 55868K, committed 56408K, reserved 1097728K
  class space    used 7934K, capacity 8062K, committed 8064K, reserved 1048576K
Event: 50.516 GC heap after
Heap after GC invocations=35 (full 2):
 PSYoungGen      total 2809344K, used 26077K [0x0000000615580000, 0x00000006d6100000, 0x00000007c0000000)
  eden space 2753536K, 0% used [0x0000000615580000,0x0000000615580000,0x00000006bd680000)
  from space 55808K, 46% used [0x00000006bd680000,0x00000006beff74e0,0x00000006c0d00000)
  to   space 53760K, 0% used [0x00000006d2c80000,0x00000006d2c80000,0x00000006d6100000)
 ParOldGen       total 162304K, used 121153K [0x00000002c0000000, 0x00000002c9e80000, 0x0000000615580000)
  object space 162304K, 74% used [0x00000002c0000000,0x00000002c76505a0,0x00000002c9e80000)
 Metaspace       used 55476K, capacity 55868K, committed 56408K, reserved 1097728K
  class space    used 7934K, capacity 8062K, committed 8064K, reserved 1048576K
}
Event: 51.340 GC heap before
{Heap before GC invocations=36 (full 2):
 PSYoungGen      total 2809344K, used 2779613K [0x0000000615580000, 0x00000006d6100000, 0x00000007c0000000)
  eden space 2753536K, 100% used [0x0000000615580000,0x00000006bd680000,0x00000006bd680000)
  from space 55808K, 46% used [0x00000006bd680000,0x00000006beff74e0,0x00000006c0d00000)
  to   space 53760K, 0% used [0x00000006d2c80000,0x00000006d2c80000,0x00000006d6100000)
 ParOldGen       total 162304K, used 121153K [0x00000002c0000000, 0x00000002c9e80000, 0x0000000615580000)
  object space 162304K, 74% used [0x00000002c0000000,0x00000002c76505a0,0x00000002c9e80000)
 Metaspace       used 55476K, capacity 55868K, committed 56408K, reserved 1097728K
  class space    used 7934K, capacity 8062K, committed 8064K, reserved 1048576K
Event: 51.351 GC heap after
Heap after GC invocations=36 (full 2):
 PSYoungGen      total 3099648K, used 25740K [0x0000000615580000, 0x00000006d5d00000, 0x00000007c0000000)
  eden space 3049984K, 0% used [0x0000000615580000,0x0000000615580000,0x00000006cf800000)
  from space 49664K, 51% used [0x00000006d2c80000,0x00000006d45a32a0,0x00000006d5d00000)
  to   space 51712K, 0% used [0x00000006cf800000,0x00000006cf800000,0x00000006d2a80000)
 ParOldGen       total 162304K, used 121649K [0x00000002c0000000, 0x00000002c9e80000, 0x0000000615580000)
  object space 162304K, 74% used [0x00000002c0000000,0x00000002c76cc5b0,0x00000002c9e80000)
 Metaspace       used 55476K, capacity 55868K, committed 56408K, reserved 1097728K
  class space    used 7934K, capacity 8062K, committed 8064K, reserved 1048576K
}
Event: 52.235 GC heap before
{Heap before GC invocations=37 (full 2):
 PSYoungGen      total 3099648K, used 3075724K [0x0000000615580000, 0x00000006d5d00000, 0x00000007c0000000)
  eden space 3049984K, 100% used [0x0000000615580000,0x00000006cf800000,0x00000006cf800000)
  from space 49664K, 51% used [0x00000006d2c80000,0x00000006d45a32a0,0x00000006d5d00000)
  to   space 51712K, 0% used [0x00000006cf800000,0x00000006cf800000,0x00000006d2a80000)
 ParOldGen       total 162304K, used 121649K [0x00000002c0000000, 0x00000002c9e80000, 0x0000000615580000)
  object space 162304K, 74% used [0x00000002c0000000,0x00000002c76cc5b0,0x00000002c9e80000)
 Metaspace       used 55477K, capacity 55868K, committed 56408K, reserved 1097728K
  class space    used 7934K, capacity 8062K, committed 8064K, reserved 1048576K
Event: 52.246 GC heap after
Heap after GC invocations=37 (full 2):
 PSYoungGen      total 3101696K, used 25160K [0x0000000615580000, 0x00000006e9680000, 0x00000007c0000000)
  eden space 3049984K, 0% used [0x0000000615580000,0x0000000615580000,0x00000006cf800000)
  from space 51712K, 48% used [0x00000006cf800000,0x00000006d1092228,0x00000006d2a80000)
  to   space 50176K, 0% used [0x00000006e6580000,0x00000006e6580000,0x00000006e9680000)
 ParOldGen       total 162304K, used 122009K [0x00000002c0000000, 0x00000002c9e80000, 0x0000000615580000)
  object space 162304K, 75% used [0x00000002c0000000,0x00000002c77265b0,0x00000002c9e80000)
 Metaspace       used 55477K, capacity 55868K, committed 56408K, reserved 1097728K
  class space    used 7934K, capacity 8062K, committed 8064K, reserved 1048576K
}
Event: 54.433 GC heap before
{Heap before GC invocations=38 (full 2):
 PSYoungGen      total 3101696K, used 3075144K [0x0000000615580000, 0x00000006e9680000, 0x00000007c0000000)
  eden space 3049984K, 100% used [0x0000000615580000,0x00000006cf800000,0x00000006cf800000)
  from space 51712K, 48% used [0x00000006cf800000,0x00000006d1092228,0x00000006d2a80000)
  to   space 50176K, 0% used [0x00000006e6580000,0x00000006e6580000,0x00000006e9680000)
 ParOldGen       total 162304K, used 122009K [0x00000002c0000000, 0x00000002c9e80000, 0x0000000615580000)
  object space 162304K, 75% used [0x00000002c0000000,0x00000002c77265b0,0x00000002c9e80000)
 Metaspace       used 55527K, capacity 55932K, committed 56408K, reserved 1097728K
  class space    used 7935K, capacity 8062K, committed 8064K, reserved 1048576K
Event: 54.443 GC heap after
Heap after GC invocations=38 (full 2):
 PSYoungGen      total 3364864K, used 23756K [0x0000000615580000, 0x00000006e7d00000, 0x00000007c0000000)
  eden space 3340800K, 0% used [0x0000000615580000,0x0000000615580000,0x00000006e1400000)
  from space 24064K, 98% used [0x00000006e6580000,0x00000006e7cb3308,0x00000006e7d00000)
  to   space 48640K, 0% used [0x00000006e1e00000,0x00000006e1e00000,0x00000006e4d80000)
 ParOldGen       total 162304K, used 122489K [0x00000002c0000000, 0x00000002c9e80000, 0x0000000615580000)
  object space 162304K, 75% used [0x00000002c0000000,0x00000002c779e5c0,0x00000002c9e80000)
 Metaspace       used 55527K, capacity 55932K, committed 56408K, reserved 1097728K
  class space    used 7935K, capacity 8062K, committed 8064K, reserved 1048576K
}

Deoptimization events (10 events):
Event: 52.712 Thread 0x00000000454f3000 Uncommon trap: reason=class_check action=maybe_recompile pc=0x0000000003e95738 method=java.util.regex.Pattern$Ques.match(Ljava/util/regex/Matcher;ILjava/lang/CharSequence;)Z @ 39
Event: 52.712 Thread 0x00000000454f3000 Uncommon trap: reason=class_check action=maybe_recompile pc=0x0000000003e95738 method=java.util.regex.Pattern$Ques.match(Ljava/util/regex/Matcher;ILjava/lang/CharSequence;)Z @ 39
Event: 53.112 Thread 0x00000000508a6800 Uncommon trap: reason=unstable_if action=reinterpret pc=0x00000000041873ec method=java.math.BigDecimal.longMultiplyPowerTen(JI)J @ 42
Event: 54.572 Thread 0x00000000454f3000 Uncommon trap: reason=unstable_if action=reinterpret pc=0x0000000002b78d88 method=sun.awt.geom.Curve.pointCrossingsForQuad(DDDDDDDDI)I @ 34
Event: 54.602 Thread 0x00000000454f3000 Uncommon trap: reason=unstable_if action=reinterpret pc=0x00000000042c5660 method=sun.awt.geom.Curve.pointCrossingsForQuad(DDDDDDDDI)I @ 50
Event: 54.616 Thread 0x00000000454f3000 Uncommon trap: reason=unstable_if action=reinterpret pc=0x00000000040a5a00 method=sun.awt.geom.Curve.pointCrossingsForCubic(DDDDDDDDDDI)I @ 138
Event: 55.735 Thread 0x00000000454f3000 Uncommon trap: reason=bimorphic action=maybe_recompile pc=0x000000000397733c method=sun.nio.cs.StreamEncoder.writeBytes()V @ 120
Event: 55.739 Thread 0x000000004ddea800 Uncommon trap: reason=array_check action=maybe_recompile pc=0x00000000033ff724 method=java.util.Arrays.fill([Ljava/lang/Object;Ljava/lang/Object;)V @ 13
Event: 55.739 Thread 0x000000004ddea800 Uncommon trap: reason=array_check action=maybe_recompile pc=0x00000000033ff724 method=java.util.Arrays.fill([Ljava/lang/Object;Ljava/lang/Object;)V @ 13
Event: 55.739 Thread 0x000000004ddea800 Uncommon trap: reason=array_check action=maybe_recompile pc=0x00000000033ff724 method=java.util.Arrays.fill([Ljava/lang/Object;Ljava/lang/Object;)V @ 13

Classes redefined (0 events):
No events

Internal exceptions (10 events):
Event: 27.684 Thread 0x000000004dde7800 Implicit null exception at 0x0000000003b7b71e to 0x0000000003b7c399
Event: 27.684 Thread 0x000000004dde7800 Implicit null exception at 0x0000000003c2db42 to 0x0000000003c2defd
Event: 27.684 Thread 0x000000004dde7800 Implicit null exception at 0x0000000003c05426 to 0x0000000003c0553d
Event: 27.684 Thread 0x000000004dde7800 Implicit null exception at 0x0000000003b68e2a to 0x0000000003b68ed9
Event: 30.169 Thread 0x000000004dde7800 Implicit null exception at 0x0000000003cd1fb0 to 0x0000000003cd50a9
Event: 41.428 Thread 0x000000004dded800 Implicit null exception at 0x000000000374f9f6 to 0x000000000374fdb9
Event: 41.429 Thread 0x000000004dded800 Implicit null exception at 0x0000000003645676 to 0x00000000036459ed
Event: 45.338 Thread 0x000000004ddeb800 Implicit null exception at 0x0000000003c367c3 to 0x0000000003c36c49
Event: 45.338 Thread 0x000000004ddeb800 Implicit null exception at 0x0000000003c2d2e7 to 0x0000000003c2d3fd
Event: 45.409 Thread 0x000000004ddeb800 Implicit null exception at 0x0000000003cc01df to 0x0000000003cc04a5

Events (10 events):
Event: 55.746 loading class com/jogamp/nativewindow/egl/EGLGraphicsDevice$EGLDisplayLifecycleCallback done
Event: 55.747 loading class jogamp/opengl/egl/EGLDisplayUtil$1
Event: 55.747 loading class jogamp/opengl/egl/EGLDisplayUtil$1 done
Event: 55.747 Executing VM operation: RevokeBias
Event: 55.747 Executing VM operation: RevokeBias done
Event: 55.747 Executing VM operation: RevokeBias
Event: 55.747 Executing VM operation: RevokeBias done
Event: 55.747 Thread 0x000000004c6a3800 Thread exited: 0x000000004c6a3800
Event: 55.750 Executing VM operation: RevokeBias
Event: 55.750 Executing VM operation: RevokeBias done


Dynamic libraries:
0x00007ff737580000 - 0x00007ff7375b7000 	C:\Users\jonas\ProM 6.10\jre8\bin\javaw.exe
0x00007ffaf60d0000 - 0x00007ffaf62c6000 	C:\Windows\SYSTEM32\ntdll.dll
0x00007ffaf5f20000 - 0x00007ffaf5fdd000 	C:\Windows\System32\KERNEL32.DLL
0x00007ffaf3c50000 - 0x00007ffaf3f19000 	C:\Windows\System32\KERNELBASE.dll
0x00007ffaf59d0000 - 0x00007ffaf5a7c000 	C:\Windows\System32\ADVAPI32.dll
0x00007ffaf54d0000 - 0x00007ffaf556e000 	C:\Windows\System32\msvcrt.dll
0x00007ffaf4e70000 - 0x00007ffaf4f0c000 	C:\Windows\System32\sechost.dll
0x00007ffaf5720000 - 0x00007ffaf584b000 	C:\Windows\System32\RPCRT4.dll
0x00007ffaf5d80000 - 0x00007ffaf5f20000 	C:\Windows\System32\USER32.dll
0x00007ffaf4050000 - 0x00007ffaf4072000 	C:\Windows\System32\win32u.dll
0x00007ffaf5b80000 - 0x00007ffaf5baa000 	C:\Windows\System32\GDI32.dll
0x00007ffaf3a10000 - 0x00007ffaf3b1b000 	C:\Windows\System32\gdi32full.dll
0x00007ffaf3970000 - 0x00007ffaf3a0d000 	C:\Windows\System32\msvcp_win.dll
0x00007ffaf3f50000 - 0x00007ffaf4050000 	C:\Windows\System32\ucrtbase.dll
0x00007ffad34f0000 - 0x00007ffad378b000 	C:\Windows\WinSxS\amd64_microsoft.windows.common-controls_6595b64144ccf1df_6.0.19041.746_none_ca02b4b61b8320a4\COMCTL32.dll
0x00007ffaf5b50000 - 0x00007ffaf5b80000 	C:\Windows\System32\IMM32.DLL
0x000000006b010000 - 0x000000006b0e2000 	C:\Users\jonas\ProM 6.10\jre8\bin\msvcr100.dll
0x000000006a6a0000 - 0x000000006af3f000 	C:\Users\jonas\ProM 6.10\jre8\bin\server\jvm.dll
0x00007ffaf5d70000 - 0x00007ffaf5d78000 	C:\Windows\System32\PSAPI.DLL
0x00007ffae1420000 - 0x00007ffae142a000 	C:\Windows\SYSTEM32\VERSION.dll
0x00007ffad52c0000 - 0x00007ffad52c9000 	C:\Windows\SYSTEM32\WSOCK32.dll
0x00007ffada4c0000 - 0x00007ffada4e7000 	C:\Windows\SYSTEM32\WINMM.dll
0x00007ffaf5ae0000 - 0x00007ffaf5b4b000 	C:\Windows\System32\WS2_32.dll
0x000000006b000000 - 0x000000006b00f000 	C:\Users\jonas\ProM 6.10\jre8\bin\verify.dll
0x000000006afd0000 - 0x000000006aff9000 	C:\Users\jonas\ProM 6.10\jre8\bin\java.dll
0x000000006afb0000 - 0x000000006afc6000 	C:\Users\jonas\ProM 6.10\jre8\bin\zip.dll
0x00007ffaf4510000 - 0x00007ffaf4c53000 	C:\Windows\System32\SHELL32.dll
0x00007ffaf1970000 - 0x00007ffaf20ff000 	C:\Windows\SYSTEM32\windows.storage.dll
0x00007ffaf41b0000 - 0x00007ffaf4506000 	C:\Windows\System32\combase.dll
0x00007ffaf3200000 - 0x00007ffaf322c000 	C:\Windows\SYSTEM32\Wldp.dll
0x00007ffaf5fe0000 - 0x00007ffaf608e000 	C:\Windows\System32\SHCORE.dll
0x00007ffaf5850000 - 0x00007ffaf58a5000 	C:\Windows\System32\shlwapi.dll
0x00007ffaf3740000 - 0x00007ffaf3766000 	C:\Windows\SYSTEM32\profapi.dll
0x000000006af90000 - 0x000000006afaa000 	C:\Users\jonas\ProM 6.10\jre8\bin\net.dll
0x00007ffaf2f70000 - 0x00007ffaf2fda000 	C:\Windows\system32\mswsock.dll
0x00007ffaf2cb0000 - 0x00007ffaf2d7b000 	C:\Windows\SYSTEM32\DNSAPI.dll
0x00007ffaf2c70000 - 0x00007ffaf2cab000 	C:\Windows\SYSTEM32\IPHLPAPI.DLL
0x00007ffaf5cb0000 - 0x00007ffaf5cb8000 	C:\Windows\System32\NSI.dll
0x00007ffaec8d0000 - 0x00007ffaec8da000 	C:\Windows\System32\rasadhlp.dll
0x00007ffae2040000 - 0x00007ffae20bf000 	C:\Windows\System32\fwpuclnt.dll
0x00007ffaf3f20000 - 0x00007ffaf3f47000 	C:\Windows\System32\bcrypt.dll
0x000000006a500000 - 0x000000006a698000 	C:\Users\jonas\ProM 6.10\jre8\bin\awt.dll
0x00007ffaf5570000 - 0x00007ffaf563d000 	C:\Windows\System32\OLEAUT32.dll
0x00007ffaf0dc0000 - 0x00007ffaf0e50000 	C:\Windows\SYSTEM32\apphelp.dll
0x00007ffaf3150000 - 0x00007ffaf3168000 	C:\Windows\SYSTEM32\CRYPTSP.dll
0x00007ffaf28c0000 - 0x00007ffaf28f4000 	C:\Windows\system32\rsaenh.dll
0x00007ffaf3700000 - 0x00007ffaf372e000 	C:\Windows\SYSTEM32\USERENV.dll
0x00007ffaf3b20000 - 0x00007ffaf3ba0000 	C:\Windows\System32\bcryptprimitives.dll
0x00007ffaf3170000 - 0x00007ffaf317c000 	C:\Windows\SYSTEM32\CRYPTBASE.dll
0x00007ffaed230000 - 0x00007ffaed247000 	C:\Windows\SYSTEM32\dhcpcsvc6.DLL
0x00007ffaecb80000 - 0x00007ffaecb9d000 	C:\Windows\SYSTEM32\dhcpcsvc.DLL
0x000000006af70000 - 0x000000006af81000 	C:\Users\jonas\ProM 6.10\jre8\bin\nio.dll
0x00007ffaf1210000 - 0x00007ffaf12ae000 	C:\Windows\system32\uxtheme.dll
0x00007ffaf58b0000 - 0x00007ffaf59c6000 	C:\Windows\System32\MSCTF.dll
0x00007ffaf4f30000 - 0x00007ffaf505a000 	C:\Windows\System32\ole32.dll
0x00007ffaf17a0000 - 0x00007ffaf17b2000 	C:\Windows\SYSTEM32\kernel.appcore.dll
0x00007ffac27b0000 - 0x00007ffac28d5000 	C:\Windows\system32\opengl32.dll
0x00007ffac3ac0000 - 0x00007ffac3aec000 	C:\Windows\SYSTEM32\GLU32.dll
0x00007ffaf1370000 - 0x00007ffaf139f000 	C:\Windows\system32\DWMAPI.DLL
0x000000006a4c0000 - 0x000000006a4f1000 	C:\Users\jonas\ProM 6.10\jre8\bin\jpeg.dll
0x00007ffaf5cc0000 - 0x00007ffaf5d69000 	C:\Windows\System32\clbcatq.dll
0x00007ffa65f90000 - 0x00007ffa66f62000 	C:\Windows\System32\DriverStore\FileRepository\iigd_dch.inf_amd64_c0d80a866e0b1dc6\ig9icd64.dll
0x00007ffaf2160000 - 0x00007ffaf2253000 	C:\Windows\system32\dxgi.dll
0x00007ffae4da0000 - 0x00007ffae4ff8000 	C:\Windows\System32\DriverStore\FileRepository\iigd_dch.inf_amd64_c0d80a866e0b1dc6\igdgmm64.dll
0x00007ffae20c0000 - 0x00007ffae4da0000 	C:\Windows\System32\DriverStore\FileRepository\iigd_dch.inf_amd64_c0d80a866e0b1dc6\igc64.dll
0x00007ffaf3670000 - 0x00007ffaf36bb000 	C:\Windows\SYSTEM32\powrprof.dll
0x00007ffaf3650000 - 0x00007ffaf3662000 	C:\Windows\SYSTEM32\UMPDC.dll
0x00007ffa74e50000 - 0x00007ffa7526a000 	C:\Windows\System32\DriverStore\FileRepository\iigd_dch.inf_amd64_c0d80a866e0b1dc6\igdml64.dll
0x000000006a490000 - 0x000000006a4ba000 	C:\Users\jonas\ProM 6.10\jre8\bin\dcpr.dll
0x000000006a440000 - 0x000000006a487000 	C:\Users\jonas\ProM 6.10\jre8\bin\fontmanager.dll
0x000000006a3f0000 - 0x000000006a432000 	C:\Users\jonas\ProM 6.10\jre8\bin\t2k.dll
0x000000006a3b0000 - 0x000000006a3ee000 	C:\Users\jonas\ProM 6.10\jre8\bin\lcms.dll
0x00007ffacd0e0000 - 0x00007ffacd1db000 	C:\Windows\SYSTEM32\textinputframework.dll
0x00007ffaf0ab0000 - 0x00007ffaf0ba2000 	C:\Windows\System32\CoreMessaging.dll
0x00007ffaf03d0000 - 0x00007ffaf072e000 	C:\Windows\System32\CoreUIComponents.dll
0x00007ffaf2610000 - 0x00007ffaf2643000 	C:\Windows\SYSTEM32\ntmarta.dll
0x00007ffaef2a0000 - 0x00007ffaef3f4000 	C:\Windows\SYSTEM32\wintypes.dll
0x00007ffaed840000 - 0x00007ffaed9f4000 	C:\Windows\SYSTEM32\WindowsCodecs.dll
0x00007ffab5020000 - 0x00007ffab50d0000 	C:\Windows\WinSxS\amd64_microsoft.windows.common-controls_6595b64144ccf1df_5.82.19041.488_none_4238de57f6b64d28\comctl32.dll
0x00007ffaf4080000 - 0x00007ffaf40ce000 	C:\Windows\System32\CFGMGR32.dll
0x00007ffaef120000 - 0x00007ffaef217000 	C:\Windows\system32\propsys.dll
0x00007ffac51b0000 - 0x00007ffac51cd000 	C:\Windows\SYSTEM32\MPR.dll
0x00007ffaeca50000 - 0x00007ffaeca5b000 	C:\Windows\System32\drprov.dll
0x00007ffaf2b00000 - 0x00007ffaf2b5a000 	C:\Windows\System32\WINSTA.dll
0x00007ffac69b0000 - 0x00007ffac69c8000 	C:\Windows\System32\ntlanman.dll
0x00007ffac6920000 - 0x00007ffac693e000 	C:\Windows\System32\davclnt.dll
0x00007ffac6c80000 - 0x00007ffac6c8d000 	C:\Windows\System32\DAVHLPR.dll
0x00007ffaf29e0000 - 0x00007ffaf29f7000 	C:\Windows\System32\wkscli.dll
0x00007ffacd330000 - 0x00007ffacd342000 	C:\Windows\SYSTEM32\cscapi.dll
0x00007ffaf2d80000 - 0x00007ffaf2d8c000 	C:\Windows\System32\netutils.dll
0x00007ffad8b10000 - 0x00007ffad8b30000 	C:\Windows\System32\DevDispItemProvider.dll
0x00007ffac3cf0000 - 0x00007ffac3cfd000 	C:\Windows\SYSTEM32\LINKINFO.dll
0x00000000637c0000 - 0x00000000637cd000 	C:\Users\jonas\AppData\Local\Temp\jogamp_0000\file_cache\jln4023841821019257261\jln1586643082099950495\natives\windows-amd64\gluegen-rt.dll
0x000000006a3a0000 - 0x000000006a3a7000 	C:\Users\jonas\ProM 6.10\jre8\bin\jawt.dll
0x0000000050b20000 - 0x0000000050b2d000 	C:\Users\jonas\AppData\Local\Temp\jogamp_0000\file_cache\jln4023841821019257261\jln1586643082099950495\natives\windows-amd64\nativewindow_awt.dll
0x000000006c100000 - 0x000000006c10f000 	C:\Users\jonas\AppData\Local\Temp\jogamp_0000\file_cache\jln4023841821019257261\jln1586643082099950495\natives\windows-amd64\nativewindow_win32.dll
0x0000000064500000 - 0x00000000645b1000 	C:\Users\jonas\AppData\Local\Temp\jogamp_0000\file_cache\jln4023841821019257261\jln1586643082099950495\natives\windows-amd64\jogl_desktop.dll
0x00007ffaae140000 - 0x00007ffaae3af000 	C:\Users\jonas\anaconda3\Library\bin\libGLESv2.dll
0x00007ffad4ac0000 - 0x00007ffad4ad6000 	C:\Users\jonas\ProM 6.10\jre8\bin\VCRUNTIME140.dll
0x00007ffaa52a0000 - 0x00007ffaa546f000 	C:\Windows\SYSTEM32\d3d9.dll
0x00007ffac78a0000 - 0x00007ffac793c000 	C:\Users\jonas\ProM 6.10\jre8\bin\MSVCP140.dll
0x00007ffad88e0000 - 0x00007ffad88e8000 	C:\Users\jonas\anaconda3\Library\bin\libEGL.dll
0x0000000064340000 - 0x00000000643a2000 	C:\Users\jonas\AppData\Local\Temp\jogamp_0000\file_cache\jln4023841821019257261\jln1586643082099950495\natives\windows-amd64\jogl_mobile.dll
0x0000000180000000 - 0x000000018009e000 	C:\Users\jonas\.ProM\packages\lpsolve-5.5.4\lib\win64\lpsolve55.dll
0x0000000051440000 - 0x0000000051465000 	C:\Users\jonas\.ProM\packages\lpsolve-5.5.4\lib\win64\lpsolve55j.dll
0x0000000051470000 - 0x000000005148b000 	C:\Users\jonas\.ProM\packages\lpsolve-5.5.4\lib\win64\bfp_etaPFI.DLL
0x00007ffaea0a0000 - 0x00007ffaea0db000 	C:\Windows\SYSTEM32\dxcore.dll

VM Arguments:
jvm_args: -ea -Xmx20G -Djava.library.path=.//lib -Dsun.java2d.opengl=true -Dfile.encoding=Cp1252 
java_command: org.processmining.contexts.uitopia.UI
java_class_path (initial): C:\Users\jonas\eclipse-workspace\InductiveVisualMiner\bin;C:\Users\jonas\.ivy2\cache\org.jblas\jblas\jars\jblas-1.2.4.jar;C:\Users\jonas\.ivy2\cache\net.sourceforge.jexcelapi\jxl\jars\jxl-2.6.jar;C:\Users\jonas\.ivy2\cache\prom\ProM-Plugins\jars\ProM-Plugins-latest.jar;C:\Users\jonas\.ivy2\cache\prom\ProM-Contexts\jars\ProM-Contexts-latest.jar;C:\Users\jonas\.ivy2\cache\prom-libs\guava\jars\guava-16.0.1.jar;C:\Users\jonas\.ivy2\cache\junit\junit\jars\junit-4.12.jar;C:\Users\jonas\.ivy2\cache\prom-libs\bsh\jars\bsh-2.0b4.jar;C:\Users\jonas\.ivy2\cache\prom-libs\Spex\jars\Spex-1.1.jar;C:\Users\jonas\.ivy2\cache\prom-libs\Uitopia\jars\Uitopia-0.6-20190913.jar;C:\Users\jonas\.ivy2\cache\prom-libs\UITopiaResources\jars\UITopiaResources-0.6-20190913.jar;C:\Users\jonas\.ivy2\cache\prom\ProM-Framework\jars\ProM-Framework-latest.jar;C:\Users\jonas\.ivy2\cache\org.apache.commons\commons-compress\jars\commons-compress-1.13.jar;C:\Users\jonas\.ivy2\cache\commons-logging\commons-logging\jars\commons-logging-1.1.3.jar;C:\Users\jonas\.ivy2\cache\prom-libs\jgraph\jars\jgraph-5.13.0.4.jar;C:\Users\jonas\.ivy2\cache\com.brsanthu\google-analytics-java\jars\google-analytics-java-1.1.2.jar;C:\Users\jonas\.ivy2\cache\org.apache.httpcomponents\httpclient\jars\httpclient-4.5.3.jar;C:\Users\jonas\.ivy2\cache\org.apache.httpcomponents\httpcore\jars\httpcore-4.4.6.jar;C:\Users\jonas\.ivy2\cache\org.apache.logging.log4j\log4j-api\jars\log4j-api-2.8.1.jar;C:\Users\jonas\.ivy2\cache\org.apache.logging.log4j\log4j-core\jars\log4j-core-2.8.1.jar;C:\Users\jonas\.ivy2\cache\org.apache.logging.log4j\log4j-slf4j-impl\jars\log4j-slf4j-impl-2.8.1.jar;C:\Users\jonas\.ivy2\cache\prom-libs\jargs\jars\jargs-latest.jar;C:\Users\jonas\.ivy2\cache\tablelayout\TableLayout\jars\TableLayout-20050920.jar;C:\Users\jonas\.ivy2\cache\org.slf4j\slf4j-api\jars\slf4j-api-1.7.25.jar;C:\Users\jonas\.ivy2\cache\prom-libs\slickerbox\jars\slickerbox-1.0rc1.jar;C:\Users\jonas\.ivy2\cache\prom\ProM
Launcher Type: SUN_STANDARD

Environment Variables:
PATH=C:/Users/jonas/.p2/pool/plugins/org.eclipse.justj.openjdk.hotspot.jre.full.win32.x86_64_14.0.2.v20200815-0932/jre/bin/server;C:/Users/jonas/.p2/pool/plugins/org.eclipse.justj.openjdk.hotspot.jre.full.win32.x86_64_14.0.2.v20200815-0932/jre/bin;C:\Program Files\AdoptOpenJDK\jdk-11.0.10.9-hotspot\bin;C:\Program Files (x86)\Common Files\Oracle\Java\javapath;C:\Program Files (x86)\VMware\VMware Player\bin\;C:\Windows\system32;C:\Windows;C:\Windows\System32\Wbem;C:\Windows\System32\WindowsPowerShell\v1.0\;C:\Windows\System32\OpenSSH\;C:\Users\jonas\AppData\Local\Programs\Python\Python39\;C:\Users\jonas\AppData\Local\Programs\Python\Python39\Scripts\;C:\Program Files\Git\cmd;C:\Program Files\PostgreSQL\13\bin;C:\Program Files\PuTTY\;C:\Program Files\TortoiseSVN\bin;C:\Program Files\Graphviz\bin;C:\Users\jonas\anaconda3;C:\Users\jonas\anaconda3\Library\mingw-w64\bin;C:\Users\jonas\anaconda3\Library\usr\bin;C:\Users\jonas\anaconda3\Library\bin;C:\Users\jonas\anaconda3\Scripts;C:\Users\jonas\AppData\Local\Microsoft\WindowsApps;C:\Program Files\JetBrains\PyCharm 2020.2.3\bin;;C:\Users\jonas\AppData\Local\Programs\Python\Python39\;C:\Users\jonas\AppData\Local\Programs\Python\Python39\Scripts\;C:\Program Files\PostgreSQL\13\bin;C:\Users\jonas\AppData\Local\Google\Cloud SDK\google-cloud-sdk\bin;C:\Users\jonas\AppData\Local\Programs\Microsoft VS Code\bin;C:\Windows\system32;
USERNAME=jonas
OS=Windows_NT
PROCESSOR_IDENTIFIER=Intel64 Family 6 Model 142 Stepping 12, GenuineIntel



---------------  S Y S T E M  ---------------

OS: Windows 10.0 , 64 bit Build 19041 (10.0.19041.662)

CPU:total 8 (initial active 8) (4 cores per cpu, 2 threads per core) family 6 model 142 stepping 12, cmov, cx8, fxsr, mmx, sse, sse2, sse3, ssse3, sse4.1, sse4.2, popcnt, avx, avx2, aes, clmul, erms, 3dnowpref, lzcnt, ht, tsc, tscinvbit, bmi1, bmi2, adx

Memory: 4k page, physical 16560184k(4817612k free), swap 28103204k(3691876k free)

vm_info: Java HotSpot(TM) 64-Bit Server VM (25.161-b12) for windows-amd64 JRE (1.8.0_161-b12), built on Dec 19 2017 17:52:25 by "java_re" with MS VC++ 10.0 (VS2010)

time: Thu Feb 11 09:32:33 2021
elapsed time: 55 seconds (0d 0h 0m 55s)

